2021-01-04 12:51:13.173  INFO 402812 --- [main] com.fw.wx.WxApplicationTests             : Starting WxApplicationTests on yqf-CW65S with PID 402812 (started by yqf in /home/yqf/下载/yi_admin-main/wx)
2021-01-04 12:51:13.192  INFO 402812 --- [main] com.fw.wx.WxApplicationTests             : No active profile set, falling back to default profiles: default
2021-01-04 12:51:17.704  INFO 402812 --- [main] com.fw.wx.WxApplicationTests             : Started WxApplicationTests in 4.984 seconds (JVM running for 6.9)
2021-01-04 12:51:18.440  INFO 402812 --- [main] com.alibaba.druid.pool.DruidDataSource   : {dataSource-1} inited
2021-01-04 12:51:18.683  INFO 402812 --- [SpringContextShutdownHook] com.alibaba.druid.pool.DruidDataSource   : {dataSource-1} closing ...
2021-01-04 12:51:18.697  INFO 402812 --- [SpringContextShutdownHook] com.alibaba.druid.pool.DruidDataSource   : {dataSource-1} closed
2021-01-04 12:52:10.842  INFO 403502 --- [main] com.fw.wx.WxApplicationTests             : Starting WxApplicationTests on yqf-CW65S with PID 403502 (started by yqf in /home/yqf/下载/yi_admin-main/wx)
2021-01-04 12:52:10.845  INFO 403502 --- [main] com.fw.wx.WxApplicationTests             : No active profile set, falling back to default profiles: default
2021-01-04 12:52:15.207  INFO 403502 --- [main] com.fw.wx.WxApplicationTests             : Started WxApplicationTests in 4.81 seconds (JVM running for 6.712)
2021-01-04 12:52:15.924  INFO 403502 --- [main] com.alibaba.druid.pool.DruidDataSource   : {dataSource-1} inited
2021-01-04 12:52:16.134  INFO 403502 --- [SpringContextShutdownHook] com.alibaba.druid.pool.DruidDataSource   : {dataSource-1} closing ...
2021-01-04 12:52:16.157  INFO 403502 --- [SpringContextShutdownHook] com.alibaba.druid.pool.DruidDataSource   : {dataSource-1} closed
2021-01-04 12:54:45.796  INFO 405253 --- [main] com.fw.wx.WxApplicationTests             : Starting WxApplicationTests on yqf-CW65S with PID 405253 (started by yqf in /home/yqf/下载/yi_admin-main/wx)
2021-01-04 12:54:45.797  INFO 405253 --- [main] com.fw.wx.WxApplicationTests             : No active profile set, falling back to default profiles: default
2021-01-04 12:54:50.104  INFO 405253 --- [main] com.fw.wx.WxApplicationTests             : Started WxApplicationTests in 4.809 seconds (JVM running for 6.959)
2021-01-04 12:54:50.743  INFO 405253 --- [main] com.alibaba.druid.pool.DruidDataSource   : {dataSource-1} inited
2021-01-04 12:54:50.964  INFO 405253 --- [SpringContextShutdownHook] com.alibaba.druid.pool.DruidDataSource   : {dataSource-1} closing ...
2021-01-04 12:54:50.979  INFO 405253 --- [SpringContextShutdownHook] com.alibaba.druid.pool.DruidDataSource   : {dataSource-1} closed
2021-01-04 12:56:02.681  INFO 406213 --- [main] com.fw.wx.WxApplicationTests             : Starting WxApplicationTests on yqf-CW65S with PID 406213 (started by yqf in /home/yqf/下载/yi_admin-main/wx)
2021-01-04 12:56:02.683  INFO 406213 --- [main] com.fw.wx.WxApplicationTests             : No active profile set, falling back to default profiles: default
2021-01-04 12:56:07.047  INFO 406213 --- [main] com.fw.wx.WxApplicationTests             : Started WxApplicationTests in 4.819 seconds (JVM running for 6.529)
2021-01-04 12:56:07.560  INFO 406213 --- [main] com.alibaba.druid.pool.DruidDataSource   : {dataSource-1} inited
2021-01-04 12:56:07.810  INFO 406213 --- [SpringContextShutdownHook] com.alibaba.druid.pool.DruidDataSource   : {dataSource-1} closing ...
2021-01-04 12:56:07.823  INFO 406213 --- [SpringContextShutdownHook] com.alibaba.druid.pool.DruidDataSource   : {dataSource-1} closed
2021-01-04 12:56:44.532  INFO 406723 --- [main] com.fw.wx.WxApplicationTests             : Starting WxApplicationTests on yqf-CW65S with PID 406723 (started by yqf in /home/yqf/下载/yi_admin-main/wx)
2021-01-04 12:56:44.533  INFO 406723 --- [main] com.fw.wx.WxApplicationTests             : No active profile set, falling back to default profiles: default
2021-01-04 12:56:48.862  INFO 406723 --- [main] com.fw.wx.WxApplicationTests             : Started WxApplicationTests in 4.7 seconds (JVM running for 6.478)
2021-01-04 12:56:49.503  INFO 406723 --- [main] com.alibaba.druid.pool.DruidDataSource   : {dataSource-1} inited
2021-01-04 12:56:49.740  INFO 406723 --- [SpringContextShutdownHook] com.alibaba.druid.pool.DruidDataSource   : {dataSource-1} closing ...
2021-01-04 12:56:49.750  INFO 406723 --- [SpringContextShutdownHook] com.alibaba.druid.pool.DruidDataSource   : {dataSource-1} closed
2021-01-04 12:57:10.170  INFO 407062 --- [main] com.fw.wx.WxApplicationTests             : Starting WxApplicationTests on yqf-CW65S with PID 407062 (started by yqf in /home/yqf/下载/yi_admin-main/wx)
2021-01-04 12:57:10.172  INFO 407062 --- [main] com.fw.wx.WxApplicationTests             : No active profile set, falling back to default profiles: default
2021-01-04 12:57:14.611  INFO 407062 --- [main] com.fw.wx.WxApplicationTests             : Started WxApplicationTests in 5.007 seconds (JVM running for 6.926)
2021-01-04 12:57:15.227  INFO 407062 --- [main] com.alibaba.druid.pool.DruidDataSource   : {dataSource-1} inited
2021-01-04 12:57:15.435  INFO 407062 --- [SpringContextShutdownHook] com.alibaba.druid.pool.DruidDataSource   : {dataSource-1} closing ...
2021-01-04 12:57:15.446  INFO 407062 --- [SpringContextShutdownHook] com.alibaba.druid.pool.DruidDataSource   : {dataSource-1} closed
2021-01-04 12:57:51.331  INFO 407556 --- [main] com.fw.wx.WxApplicationTests             : Starting WxApplicationTests on yqf-CW65S with PID 407556 (started by yqf in /home/yqf/下载/yi_admin-main/wx)
2021-01-04 12:57:51.337  INFO 407556 --- [main] com.fw.wx.WxApplicationTests             : No active profile set, falling back to default profiles: default
2021-01-04 12:57:55.772  INFO 407556 --- [main] com.fw.wx.WxApplicationTests             : Started WxApplicationTests in 4.896 seconds (JVM running for 6.62)
2021-01-04 12:57:56.438  INFO 407556 --- [main] com.alibaba.druid.pool.DruidDataSource   : {dataSource-1} inited
2021-01-04 12:57:56.711  INFO 407556 --- [SpringContextShutdownHook] com.alibaba.druid.pool.DruidDataSource   : {dataSource-1} closing ...
2021-01-04 12:57:56.723  INFO 407556 --- [SpringContextShutdownHook] com.alibaba.druid.pool.DruidDataSource   : {dataSource-1} closed
2021-01-04 12:58:08.957  INFO 407808 --- [main] com.fw.wx.WxApplicationTests             : Starting WxApplicationTests on yqf-CW65S with PID 407808 (started by yqf in /home/yqf/下载/yi_admin-main/wx)
2021-01-04 12:58:08.973  INFO 407808 --- [main] com.fw.wx.WxApplicationTests             : No active profile set, falling back to default profiles: default
2021-01-04 12:58:13.472  INFO 407808 --- [main] com.fw.wx.WxApplicationTests             : Started WxApplicationTests in 5.021 seconds (JVM running for 6.715)
2021-01-04 12:58:14.070  INFO 407808 --- [main] com.alibaba.druid.pool.DruidDataSource   : {dataSource-1} inited
2021-01-04 12:58:14.270  INFO 407808 --- [SpringContextShutdownHook] com.alibaba.druid.pool.DruidDataSource   : {dataSource-1} closing ...
2021-01-04 12:58:14.299  INFO 407808 --- [SpringContextShutdownHook] com.alibaba.druid.pool.DruidDataSource   : {dataSource-1} closed
2021-01-04 12:59:06.631  INFO 408555 --- [main] com.fw.wx.WxApplicationTests             : Starting WxApplicationTests on yqf-CW65S with PID 408555 (started by yqf in /home/yqf/下载/yi_admin-main/wx)
2021-01-04 12:59:06.636  INFO 408555 --- [main] com.fw.wx.WxApplicationTests             : No active profile set, falling back to default profiles: default
2021-01-04 12:59:12.355  INFO 408555 --- [main] com.fw.wx.WxApplicationTests             : Started WxApplicationTests in 6.341 seconds (JVM running for 8.957)
2021-01-04 12:59:13.206  INFO 408555 --- [main] com.alibaba.druid.pool.DruidDataSource   : {dataSource-1} inited
2021-01-04 12:59:13.496  INFO 408555 --- [SpringContextShutdownHook] com.alibaba.druid.pool.DruidDataSource   : {dataSource-1} closing ...
2021-01-04 12:59:13.511  INFO 408555 --- [SpringContextShutdownHook] com.alibaba.druid.pool.DruidDataSource   : {dataSource-1} closed
2021-01-04 13:00:37.656  INFO 409649 --- [main] com.fw.wx.WxApplicationTests             : Starting WxApplicationTests on yqf-CW65S with PID 409649 (started by yqf in /home/yqf/下载/yi_admin-main/wx)
2021-01-04 13:00:37.657  INFO 409649 --- [main] com.fw.wx.WxApplicationTests             : No active profile set, falling back to default profiles: default
2021-01-04 13:00:42.460  INFO 409649 --- [main] com.fw.wx.WxApplicationTests             : Started WxApplicationTests in 5.289 seconds (JVM running for 7.001)
2021-01-04 13:00:43.071  INFO 409649 --- [main] com.alibaba.druid.pool.DruidDataSource   : {dataSource-1} inited
2021-01-04 13:00:43.320  INFO 409649 --- [SpringContextShutdownHook] com.alibaba.druid.pool.DruidDataSource   : {dataSource-1} closing ...
2021-01-04 13:00:43.329  INFO 409649 --- [SpringContextShutdownHook] com.alibaba.druid.pool.DruidDataSource   : {dataSource-1} closed
2021-01-04 13:01:06.462  INFO 410015 --- [main] com.fw.wx.WxApplicationTests             : Starting WxApplicationTests on yqf-CW65S with PID 410015 (started by yqf in /home/yqf/下载/yi_admin-main/wx)
2021-01-04 13:01:06.464  INFO 410015 --- [main] com.fw.wx.WxApplicationTests             : No active profile set, falling back to default profiles: default
2021-01-04 13:01:10.881  INFO 410015 --- [main] com.fw.wx.WxApplicationTests             : Started WxApplicationTests in 4.946 seconds (JVM running for 6.347)
2021-01-04 13:01:11.439  INFO 410015 --- [main] com.alibaba.druid.pool.DruidDataSource   : {dataSource-1} inited
2021-01-04 13:01:11.647  INFO 410015 --- [SpringContextShutdownHook] com.alibaba.druid.pool.DruidDataSource   : {dataSource-1} closing ...
2021-01-04 13:01:11.659  INFO 410015 --- [SpringContextShutdownHook] com.alibaba.druid.pool.DruidDataSource   : {dataSource-1} closed
2021-01-04 13:02:19.547  INFO 410889 --- [main] com.fw.wx.WxApplicationTests             : Starting WxApplicationTests on yqf-CW65S with PID 410889 (started by yqf in /home/yqf/下载/yi_admin-main/wx)
2021-01-04 13:02:19.549  INFO 410889 --- [main] com.fw.wx.WxApplicationTests             : No active profile set, falling back to default profiles: default
2021-01-04 13:02:23.934  INFO 410889 --- [main] com.fw.wx.WxApplicationTests             : Started WxApplicationTests in 4.867 seconds (JVM running for 6.459)
2021-01-04 13:02:24.550  INFO 410889 --- [main] com.alibaba.druid.pool.DruidDataSource   : {dataSource-1} inited
2021-01-04 13:02:24.777  INFO 410889 --- [SpringContextShutdownHook] com.alibaba.druid.pool.DruidDataSource   : {dataSource-1} closing ...
2021-01-04 13:02:24.790  INFO 410889 --- [SpringContextShutdownHook] com.alibaba.druid.pool.DruidDataSource   : {dataSource-1} closed
2021-01-04 13:02:44.790  INFO 411220 --- [main] com.fw.wx.WxApplicationTests             : Starting WxApplicationTests on yqf-CW65S with PID 411220 (started by yqf in /home/yqf/下载/yi_admin-main/wx)
2021-01-04 13:02:44.791  INFO 411220 --- [main] com.fw.wx.WxApplicationTests             : No active profile set, falling back to default profiles: default
2021-01-04 13:02:49.043  INFO 411220 --- [main] com.fw.wx.WxApplicationTests             : Started WxApplicationTests in 4.646 seconds (JVM running for 6.317)
2021-01-04 13:02:49.603  INFO 411220 --- [main] com.alibaba.druid.pool.DruidDataSource   : {dataSource-1} inited
2021-01-04 13:02:49.858  INFO 411220 --- [SpringContextShutdownHook] com.alibaba.druid.pool.DruidDataSource   : {dataSource-1} closing ...
2021-01-04 13:02:49.876  INFO 411220 --- [SpringContextShutdownHook] com.alibaba.druid.pool.DruidDataSource   : {dataSource-1} closed
