2020-11-23 21:53:20.502  INFO 614791 --- [main] com.fw.admin.AdminApplicationTests       : Starting AdminApplicationTests on yqf-CW65S with PID 614791 (started by yqf in /home/yqf/IdeaProjects/yj/admin)
2020-11-23 21:53:20.534  INFO 614791 --- [main] com.fw.admin.AdminApplicationTests       : No active profile set, falling back to default profiles: default
2020-11-23 21:53:24.501  INFO 614791 --- [main] com.fw.admin.AdminApplicationTests       : Started AdminApplicationTests in 4.521 seconds (JVM running for 6.218)
2020-11-23 21:53:24.810  WARN 614791 --- [main] c.b.m.e.p.i.PaginationInnerInterceptor   : optimize this sql to a count sql has exception, sql:"SELECT  id,name,images_category_id,size,uploadTime,url,type  FROM images", exception:
null
2020-11-23 21:53:25.143  INFO 614791 --- [main] com.alibaba.druid.pool.DruidDataSource   : {dataSource-1} inited
2020-11-23 21:53:25.453  INFO 614791 --- [SpringContextShutdownHook] com.alibaba.druid.pool.DruidDataSource   : {dataSource-1} closing ...
2020-11-23 21:53:25.480  INFO 614791 --- [SpringContextShutdownHook] com.alibaba.druid.pool.DruidDataSource   : {dataSource-1} closed
2020-11-23 21:53:38.375  INFO 615050 --- [main] com.fw.admin.AdminApplicationTests       : Starting AdminApplicationTests on yqf-CW65S with PID 615050 (started by yqf in /home/yqf/IdeaProjects/yj/admin)
2020-11-23 21:53:38.385  INFO 615050 --- [main] com.fw.admin.AdminApplicationTests       : No active profile set, falling back to default profiles: default
2020-11-23 21:53:41.860  INFO 615050 --- [main] com.fw.admin.AdminApplicationTests       : Started AdminApplicationTests in 3.984 seconds (JVM running for 5.376)
2020-11-23 21:53:42.199  WARN 615050 --- [main] c.b.m.e.p.i.PaginationInnerInterceptor   : optimize this sql to a count sql has exception, sql:"SELECT  id,name,images_category_id,size,uploadTime,url,type  FROM images", exception:
null
2020-11-23 21:53:42.596  INFO 615050 --- [main] com.alibaba.druid.pool.DruidDataSource   : {dataSource-1} inited
2020-11-23 21:53:42.872  INFO 615050 --- [SpringContextShutdownHook] com.alibaba.druid.pool.DruidDataSource   : {dataSource-1} closing ...
2020-11-23 21:53:42.901  INFO 615050 --- [SpringContextShutdownHook] com.alibaba.druid.pool.DruidDataSource   : {dataSource-1} closed
2020-11-23 21:58:28.705  INFO 618860 --- [main] com.fw.admin.AdminApplicationTests       : Starting AdminApplicationTests on yqf-CW65S with PID 618860 (started by yqf in /home/yqf/IdeaProjects/yj/admin)
2020-11-23 21:58:28.706  INFO 618860 --- [main] com.fw.admin.AdminApplicationTests       : No active profile set, falling back to default profiles: default
2020-11-23 21:58:33.043  INFO 618860 --- [main] com.fw.admin.AdminApplicationTests       : Started AdminApplicationTests in 4.859 seconds (JVM running for 7.07)
2020-11-23 21:58:45.841  WARN 618860 --- [main] c.b.m.e.p.i.PaginationInnerInterceptor   : optimize this sql to a count sql has exception, sql:"SELECT  id,name,images_category_id,size,uploadTime,url,type  FROM images", exception:
null
2020-11-23 21:58:46.249  INFO 618860 --- [main] com.alibaba.druid.pool.DruidDataSource   : {dataSource-1} inited
2020-11-23 22:00:02.758  INFO 618860 --- [SpringContextShutdownHook] com.alibaba.druid.pool.DruidDataSource   : {dataSource-1} closing ...
2020-11-23 22:00:02.774  INFO 618860 --- [SpringContextShutdownHook] com.alibaba.druid.pool.DruidDataSource   : {dataSource-1} closed
2020-11-23 22:00:18.060  INFO 620241 --- [main] com.fw.admin.AdminApplicationTests       : Starting AdminApplicationTests on yqf-CW65S with PID 620241 (started by yqf in /home/yqf/IdeaProjects/yj/admin)
2020-11-23 22:00:18.062  INFO 620241 --- [main] com.fw.admin.AdminApplicationTests       : No active profile set, falling back to default profiles: default
2020-11-23 22:00:22.416  INFO 620241 --- [main] com.fw.admin.AdminApplicationTests       : Started AdminApplicationTests in 4.726 seconds (JVM running for 6.691)
2020-11-23 22:00:23.126  INFO 620241 --- [main] com.alibaba.druid.pool.DruidDataSource   : {dataSource-1} inited
2020-11-23 22:00:23.319  INFO 620241 --- [SpringContextShutdownHook] com.alibaba.druid.pool.DruidDataSource   : {dataSource-1} closing ...
2020-11-23 22:00:23.338  INFO 620241 --- [SpringContextShutdownHook] com.alibaba.druid.pool.DruidDataSource   : {dataSource-1} closed
2020-11-23 22:03:29.479  INFO 622768 --- [main] com.fw.admin.AdminApplicationTests       : Starting AdminApplicationTests on yqf-CW65S with PID 622768 (started by yqf in /home/yqf/IdeaProjects/yj/admin)
2020-11-23 22:03:29.481  INFO 622768 --- [main] com.fw.admin.AdminApplicationTests       : No active profile set, falling back to default profiles: default
2020-11-23 22:03:33.631  INFO 622768 --- [main] com.fw.admin.AdminApplicationTests       : Started AdminApplicationTests in 4.652 seconds (JVM running for 6.844)
2020-11-23 22:03:34.006  WARN 622768 --- [main] c.b.m.e.p.i.PaginationInnerInterceptor   : optimize this sql to a count sql has exception, sql:"SELECT  id,name,categoryId,size,uploadTime,url,type  FROM images", exception:
null
2020-11-23 22:03:34.329  INFO 622768 --- [main] com.alibaba.druid.pool.DruidDataSource   : {dataSource-1} inited
2020-11-23 22:03:34.574  INFO 622768 --- [SpringContextShutdownHook] com.alibaba.druid.pool.DruidDataSource   : {dataSource-1} closing ...
2020-11-23 22:03:34.588  INFO 622768 --- [SpringContextShutdownHook] com.alibaba.druid.pool.DruidDataSource   : {dataSource-1} closed
2020-11-23 22:04:28.629  INFO 623576 --- [main] com.fw.admin.AdminApplicationTests       : Starting AdminApplicationTests on yqf-CW65S with PID 623576 (started by yqf in /home/yqf/IdeaProjects/yj/admin)
2020-11-23 22:04:28.632  INFO 623576 --- [main] com.fw.admin.AdminApplicationTests       : No active profile set, falling back to default profiles: default
2020-11-23 22:04:32.609  INFO 623576 --- [main] com.fw.admin.AdminApplicationTests       : Started AdminApplicationTests in 4.523 seconds (JVM running for 6.739)
2020-11-23 22:04:32.927  WARN 623576 --- [main] c.b.m.e.p.i.PaginationInnerInterceptor   : optimize this sql to a count sql has exception, sql:"SELECT  id,name,categoryId,size,uploadTime,url,type  FROM images", exception:
null
2020-11-23 22:04:33.257  INFO 623576 --- [main] com.alibaba.druid.pool.DruidDataSource   : {dataSource-1} inited
2020-11-23 22:04:33.463  INFO 623576 --- [SpringContextShutdownHook] com.alibaba.druid.pool.DruidDataSource   : {dataSource-1} closing ...
2020-11-23 22:04:33.490  INFO 623576 --- [SpringContextShutdownHook] com.alibaba.druid.pool.DruidDataSource   : {dataSource-1} closed
2020-11-23 22:05:27.045  INFO 624316 --- [main] com.fw.admin.AdminApplicationTests       : Starting AdminApplicationTests on yqf-CW65S with PID 624316 (started by yqf in /home/yqf/IdeaProjects/yj/admin)
2020-11-23 22:05:27.048  INFO 624316 --- [main] com.fw.admin.AdminApplicationTests       : No active profile set, falling back to default profiles: default
2020-11-23 22:05:31.200  INFO 624316 --- [main] com.fw.admin.AdminApplicationTests       : Started AdminApplicationTests in 4.943 seconds (JVM running for 7.669)
2020-11-23 22:05:31.548  WARN 624316 --- [main] c.b.m.e.p.i.PaginationInnerInterceptor   : optimize this sql to a count sql has exception, sql:"SELECT  id,name,category_id,size,uploadTime,url,type  FROM images", exception:
null
2020-11-23 22:05:31.967  INFO 624316 --- [main] com.alibaba.druid.pool.DruidDataSource   : {dataSource-1} inited
2020-11-23 22:05:32.225  INFO 624316 --- [SpringContextShutdownHook] com.alibaba.druid.pool.DruidDataSource   : {dataSource-1} closing ...
2020-11-23 22:05:32.235  INFO 624316 --- [SpringContextShutdownHook] com.alibaba.druid.pool.DruidDataSource   : {dataSource-1} closed
2020-11-23 22:06:09.530  INFO 624926 --- [main] com.fw.admin.AdminApplicationTests       : Starting AdminApplicationTests on yqf-CW65S with PID 624926 (started by yqf in /home/yqf/IdeaProjects/yj/admin)
2020-11-23 22:06:09.532  INFO 624926 --- [main] com.fw.admin.AdminApplicationTests       : No active profile set, falling back to default profiles: default
2020-11-23 22:06:13.918  INFO 624926 --- [main] com.fw.admin.AdminApplicationTests       : Started AdminApplicationTests in 5.319 seconds (JVM running for 7.28)
2020-11-23 22:06:14.261  WARN 624926 --- [main] c.b.m.e.p.i.PaginationInnerInterceptor   : optimize this sql to a count sql has exception, sql:"SELECT  id,name,category_id,size,uploadTime,url,type  FROM images", exception:
null
2020-11-23 22:06:14.630  INFO 624926 --- [main] com.alibaba.druid.pool.DruidDataSource   : {dataSource-1} inited
2020-11-23 22:06:14.992  INFO 624926 --- [SpringContextShutdownHook] com.alibaba.druid.pool.DruidDataSource   : {dataSource-1} closing ...
2020-11-23 22:06:15.031  INFO 624926 --- [SpringContextShutdownHook] com.alibaba.druid.pool.DruidDataSource   : {dataSource-1} closed
2020-11-23 22:07:02.918  INFO 625645 --- [main] com.fw.admin.AdminApplicationTests       : Starting AdminApplicationTests on yqf-CW65S with PID 625645 (started by yqf in /home/yqf/IdeaProjects/yj/admin)
2020-11-23 22:07:02.920  INFO 625645 --- [main] com.fw.admin.AdminApplicationTests       : No active profile set, falling back to default profiles: default
2020-11-23 22:07:07.029  INFO 625645 --- [main] com.fw.admin.AdminApplicationTests       : Started AdminApplicationTests in 4.62 seconds (JVM running for 7.531)
2020-11-23 22:07:07.309  WARN 625645 --- [main] c.b.m.e.p.i.PaginationInnerInterceptor   : optimize this sql to a count sql has exception, sql:"SELECT  id,name,categoryId,size,uploadTime,url,type  FROM images", exception:
null
2020-11-23 22:07:07.621  INFO 625645 --- [main] com.alibaba.druid.pool.DruidDataSource   : {dataSource-1} inited
2020-11-23 22:07:07.837  INFO 625645 --- [SpringContextShutdownHook] com.alibaba.druid.pool.DruidDataSource   : {dataSource-1} closing ...
2020-11-23 22:07:07.849  INFO 625645 --- [SpringContextShutdownHook] com.alibaba.druid.pool.DruidDataSource   : {dataSource-1} closed
2020-11-23 22:08:07.606  INFO 626519 --- [main] com.fw.admin.AdminApplicationTests       : Starting AdminApplicationTests on yqf-CW65S with PID 626519 (started by yqf in /home/yqf/IdeaProjects/yj/admin)
2020-11-23 22:08:07.617  INFO 626519 --- [main] com.fw.admin.AdminApplicationTests       : No active profile set, falling back to default profiles: default
2020-11-23 22:08:11.700  INFO 626519 --- [main] com.fw.admin.AdminApplicationTests       : Started AdminApplicationTests in 4.725 seconds (JVM running for 6.496)
2020-11-23 22:08:12.004  WARN 626519 --- [main] c.b.m.e.p.i.PaginationInnerInterceptor   : optimize this sql to a count sql has exception, sql:"SELECT  id,name,categoryId,size,uploadTime,url,type  FROM images", exception:
null
2020-11-23 22:08:12.298  INFO 626519 --- [main] com.alibaba.druid.pool.DruidDataSource   : {dataSource-1} inited
2020-11-23 22:08:12.507  INFO 626519 --- [SpringContextShutdownHook] com.alibaba.druid.pool.DruidDataSource   : {dataSource-1} closing ...
2020-11-23 22:08:12.520  INFO 626519 --- [SpringContextShutdownHook] com.alibaba.druid.pool.DruidDataSource   : {dataSource-1} closed
2020-11-23 22:11:04.787  INFO 628775 --- [main] com.fw.admin.AdminApplicationTests       : Starting AdminApplicationTests on yqf-CW65S with PID 628775 (started by yqf in /home/yqf/IdeaProjects/yj/admin)
2020-11-23 22:11:04.789  INFO 628775 --- [main] com.fw.admin.AdminApplicationTests       : No active profile set, falling back to default profiles: default
2020-11-23 22:11:08.800  INFO 628775 --- [main] com.fw.admin.AdminApplicationTests       : Started AdminApplicationTests in 4.504 seconds (JVM running for 6.202)
2020-11-23 22:11:09.130  WARN 628775 --- [main] c.b.m.e.p.i.PaginationInnerInterceptor   : optimize this sql to a count sql has exception, sql:"SELECT  id,name,categoryId,size,uploadTime,url,type  FROM images", exception:
null
2020-11-23 22:11:09.514  INFO 628775 --- [main] com.alibaba.druid.pool.DruidDataSource   : {dataSource-1} inited
2020-11-23 22:11:09.815  INFO 628775 --- [SpringContextShutdownHook] com.alibaba.druid.pool.DruidDataSource   : {dataSource-1} closing ...
2020-11-23 22:11:09.834  INFO 628775 --- [SpringContextShutdownHook] com.alibaba.druid.pool.DruidDataSource   : {dataSource-1} closed
2020-11-23 22:11:47.798  INFO 629345 --- [main] com.fw.admin.AdminApplicationTests       : Starting AdminApplicationTests on yqf-CW65S with PID 629345 (started by yqf in /home/yqf/IdeaProjects/yj/admin)
2020-11-23 22:11:47.800  INFO 629345 --- [main] com.fw.admin.AdminApplicationTests       : No active profile set, falling back to default profiles: default
2020-11-23 22:11:51.575  INFO 629345 --- [main] com.fw.admin.AdminApplicationTests       : Started AdminApplicationTests in 4.188 seconds (JVM running for 6.035)
2020-11-23 22:11:51.867  WARN 629345 --- [main] c.b.m.e.p.i.PaginationInnerInterceptor   : optimize this sql to a count sql has exception, sql:"SELECT  id,name,categoryId,size,uploadTime,url,type  FROM images", exception:
null
2020-11-23 22:11:52.214  INFO 629345 --- [main] com.alibaba.druid.pool.DruidDataSource   : {dataSource-1} inited
2020-11-23 22:11:52.462  INFO 629345 --- [SpringContextShutdownHook] com.alibaba.druid.pool.DruidDataSource   : {dataSource-1} closing ...
2020-11-23 22:11:52.476  INFO 629345 --- [SpringContextShutdownHook] com.alibaba.druid.pool.DruidDataSource   : {dataSource-1} closed
2020-11-23 22:12:11.894  INFO 629682 --- [main] com.fw.admin.AdminApplicationTests       : Starting AdminApplicationTests on yqf-CW65S with PID 629682 (started by yqf in /home/yqf/IdeaProjects/yj/admin)
2020-11-23 22:12:11.898  INFO 629682 --- [main] com.fw.admin.AdminApplicationTests       : No active profile set, falling back to default profiles: default
2020-11-23 22:12:15.956  INFO 629682 --- [main] com.fw.admin.AdminApplicationTests       : Started AdminApplicationTests in 4.464 seconds (JVM running for 6.389)
2020-11-23 22:12:16.335  WARN 629682 --- [main] c.b.m.e.p.i.PaginationInnerInterceptor   : optimize this sql to a count sql has exception, sql:"SELECT  id,name,categoryId,size,uploadTime,url,type  FROM images", exception:
null
2020-11-23 22:12:16.713  INFO 629682 --- [main] com.alibaba.druid.pool.DruidDataSource   : {dataSource-1} inited
2020-11-23 22:12:16.968  INFO 629682 --- [SpringContextShutdownHook] com.alibaba.druid.pool.DruidDataSource   : {dataSource-1} closing ...
2020-11-23 22:12:16.982  INFO 629682 --- [SpringContextShutdownHook] com.alibaba.druid.pool.DruidDataSource   : {dataSource-1} closed
2020-11-23 22:12:58.790  INFO 630299 --- [main] com.fw.admin.AdminApplicationTests       : Starting AdminApplicationTests on yqf-CW65S with PID 630299 (started by yqf in /home/yqf/IdeaProjects/yj/admin)
2020-11-23 22:12:58.792  INFO 630299 --- [main] com.fw.admin.AdminApplicationTests       : No active profile set, falling back to default profiles: default
2020-11-23 22:13:03.053  INFO 630299 --- [main] com.fw.admin.AdminApplicationTests       : Started AdminApplicationTests in 4.792 seconds (JVM running for 6.656)
2020-11-23 22:13:03.386  WARN 630299 --- [main] c.b.m.e.p.i.PaginationInnerInterceptor   : optimize this sql to a count sql has exception, sql:"SELECT  id,name,categoryId,size,uploadTime,url,type  FROM images 
 
 WHERE id=?


 AND size=?", exception:
null
2020-11-23 22:13:03.790  INFO 630299 --- [main] com.alibaba.druid.pool.DruidDataSource   : {dataSource-1} inited
2020-11-23 22:13:04.033  INFO 630299 --- [SpringContextShutdownHook] com.alibaba.druid.pool.DruidDataSource   : {dataSource-1} closing ...
2020-11-23 22:13:04.044  INFO 630299 --- [SpringContextShutdownHook] com.alibaba.druid.pool.DruidDataSource   : {dataSource-1} closed
2020-11-23 22:15:41.820  INFO 632371 --- [main] com.fw.admin.AdminApplicationTests       : Starting AdminApplicationTests on yqf-CW65S with PID 632371 (started by yqf in /home/yqf/IdeaProjects/yj/admin)
2020-11-23 22:15:41.823  INFO 632371 --- [main] com.fw.admin.AdminApplicationTests       : No active profile set, falling back to default profiles: default
2020-11-23 22:15:45.758  INFO 632371 --- [main] com.fw.admin.AdminApplicationTests       : Started AdminApplicationTests in 4.426 seconds (JVM running for 6.031)
2020-11-23 22:15:46.099  WARN 632371 --- [main] c.b.m.e.p.i.PaginationInnerInterceptor   : optimize this sql to a count sql has exception, sql:"SELECT  id,name,categoryId,size,uploadTime,url,type  FROM images 
 
 WHERE id=?


 AND size=?", exception:
null
2020-11-23 22:15:46.394  INFO 632371 --- [main] com.alibaba.druid.pool.DruidDataSource   : {dataSource-1} inited
2020-11-23 22:15:46.588  INFO 632371 --- [SpringContextShutdownHook] com.alibaba.druid.pool.DruidDataSource   : {dataSource-1} closing ...
2020-11-23 22:15:46.601  INFO 632371 --- [SpringContextShutdownHook] com.alibaba.druid.pool.DruidDataSource   : {dataSource-1} closed
2020-11-23 22:20:13.600  INFO 636123 --- [main] com.fw.admin.AdminApplicationTests       : Starting AdminApplicationTests on yqf-CW65S with PID 636123 (started by yqf in /home/yqf/IdeaProjects/yj/admin)
2020-11-23 22:20:13.601  INFO 636123 --- [main] com.fw.admin.AdminApplicationTests       : No active profile set, falling back to default profiles: default
2020-11-23 22:20:17.008  INFO 636123 --- [main] com.fw.admin.AdminApplicationTests       : Started AdminApplicationTests in 3.96 seconds (JVM running for 5.342)
2020-11-23 22:20:17.289  WARN 636123 --- [main] c.b.m.e.p.i.PaginationInnerInterceptor   : optimize this sql to a count sql has exception, sql:"SELECT  id,name,categoryId,size,uploadTime,url,type  FROM images 
 
 WHERE id=?


 AND size=?", exception:
null
2020-11-23 22:20:17.604  INFO 636123 --- [main] com.alibaba.druid.pool.DruidDataSource   : {dataSource-1} inited
2020-11-23 22:20:17.822  INFO 636123 --- [SpringContextShutdownHook] com.alibaba.druid.pool.DruidDataSource   : {dataSource-1} closing ...
2020-11-23 22:20:17.833  INFO 636123 --- [SpringContextShutdownHook] com.alibaba.druid.pool.DruidDataSource   : {dataSource-1} closed
2020-11-23 22:22:06.601  INFO 637677 --- [main] com.fw.admin.AdminApplicationTests       : Starting AdminApplicationTests on yqf-CW65S with PID 637677 (started by yqf in /home/yqf/IdeaProjects/yj/admin)
2020-11-23 22:22:06.616  INFO 637677 --- [main] com.fw.admin.AdminApplicationTests       : No active profile set, falling back to default profiles: default
2020-11-23 22:22:10.899  INFO 637677 --- [main] com.fw.admin.AdminApplicationTests       : Started AdminApplicationTests in 4.938 seconds (JVM running for 6.9)
2020-11-23 22:22:11.194  WARN 637677 --- [main] c.b.m.e.p.i.PaginationInnerInterceptor   : optimize this sql to a count sql has exception, sql:"SELECT  id,name,categoryId,file_size,uploadTime,url,type  FROM images 
 
 WHERE id=?


 AND file_size=?", exception:
null
2020-11-23 22:22:11.498  INFO 637677 --- [main] com.alibaba.druid.pool.DruidDataSource   : {dataSource-1} inited
2020-11-23 22:22:11.764  INFO 637677 --- [SpringContextShutdownHook] com.alibaba.druid.pool.DruidDataSource   : {dataSource-1} closing ...
2020-11-23 22:22:11.786  INFO 637677 --- [SpringContextShutdownHook] com.alibaba.druid.pool.DruidDataSource   : {dataSource-1} closed
2020-11-23 22:22:54.035  INFO 638293 --- [main] com.fw.admin.AdminApplicationTests       : Starting AdminApplicationTests on yqf-CW65S with PID 638293 (started by yqf in /home/yqf/IdeaProjects/yj/admin)
2020-11-23 22:22:54.037  INFO 638293 --- [main] com.fw.admin.AdminApplicationTests       : No active profile set, falling back to default profiles: default
2020-11-23 22:22:57.964  INFO 638293 --- [main] com.fw.admin.AdminApplicationTests       : Started AdminApplicationTests in 4.341 seconds (JVM running for 7.267)
2020-11-23 22:22:58.260  WARN 638293 --- [main] c.b.m.e.p.i.PaginationInnerInterceptor   : optimize this sql to a count sql has exception, sql:"SELECT  id,name,categoryId,fileSize,uploadTime,url,type  FROM images 
 
 WHERE id=?


 AND fileSize=?", exception:
null
2020-11-23 22:22:58.594  INFO 638293 --- [main] com.alibaba.druid.pool.DruidDataSource   : {dataSource-1} inited
2020-11-23 22:22:58.820  INFO 638293 --- [SpringContextShutdownHook] com.alibaba.druid.pool.DruidDataSource   : {dataSource-1} closing ...
2020-11-23 22:22:58.834  INFO 638293 --- [SpringContextShutdownHook] com.alibaba.druid.pool.DruidDataSource   : {dataSource-1} closed
2020-11-23 22:23:35.772  INFO 638899 --- [main] com.fw.admin.AdminApplicationTests       : Starting AdminApplicationTests on yqf-CW65S with PID 638899 (started by yqf in /home/yqf/IdeaProjects/yj/admin)
2020-11-23 22:23:35.778  INFO 638899 --- [main] com.fw.admin.AdminApplicationTests       : No active profile set, falling back to default profiles: default
2020-11-23 22:23:39.950  INFO 638899 --- [main] com.fw.admin.AdminApplicationTests       : Started AdminApplicationTests in 4.715 seconds (JVM running for 6.552)
2020-11-23 22:23:40.262  WARN 638899 --- [main] c.b.m.e.p.i.PaginationInnerInterceptor   : optimize this sql to a count sql has exception, sql:"SELECT  id,name,categoryId,fileSize,uploadTime,url,type  FROM images 
 
 WHERE  categoryId=?
 AND fileSize=?", exception:
null
2020-11-23 22:23:40.608  INFO 638899 --- [main] com.alibaba.druid.pool.DruidDataSource   : {dataSource-1} inited
2020-11-23 22:23:40.844  INFO 638899 --- [SpringContextShutdownHook] com.alibaba.druid.pool.DruidDataSource   : {dataSource-1} closing ...
2020-11-23 22:23:40.856  INFO 638899 --- [SpringContextShutdownHook] com.alibaba.druid.pool.DruidDataSource   : {dataSource-1} closed
2020-11-23 22:26:07.746  INFO 640888 --- [main] com.fw.admin.AdminApplicationTests       : Starting AdminApplicationTests on yqf-CW65S with PID 640888 (started by yqf in /home/yqf/IdeaProjects/yj/admin)
2020-11-23 22:26:07.748  INFO 640888 --- [main] com.fw.admin.AdminApplicationTests       : No active profile set, falling back to default profiles: default
2020-11-23 22:26:11.952  INFO 640888 --- [main] com.fw.admin.AdminApplicationTests       : Started AdminApplicationTests in 4.714 seconds (JVM running for 6.608)
2020-11-23 22:26:12.377  WARN 640888 --- [main] c.b.m.e.p.i.PaginationInnerInterceptor   : optimize this sql to a count sql has exception, sql:"SELECT  id,name,categoryId,fileSize,uploadTime,url,type  FROM images 
 
 WHERE  categoryId=?
 AND fileSize=?


 AND type=?", exception:
null
2020-11-23 22:26:12.708  INFO 640888 --- [main] com.alibaba.druid.pool.DruidDataSource   : {dataSource-1} inited
2020-11-23 22:26:12.941  INFO 640888 --- [SpringContextShutdownHook] com.alibaba.druid.pool.DruidDataSource   : {dataSource-1} closing ...
2020-11-23 22:26:12.951  INFO 640888 --- [SpringContextShutdownHook] com.alibaba.druid.pool.DruidDataSource   : {dataSource-1} closed
2020-11-23 22:27:09.288  INFO 641678 --- [main] com.fw.admin.AdminApplicationTests       : Starting AdminApplicationTests on yqf-CW65S with PID 641678 (started by yqf in /home/yqf/IdeaProjects/yj/admin)
2020-11-23 22:27:09.289  INFO 641678 --- [main] com.fw.admin.AdminApplicationTests       : No active profile set, falling back to default profiles: default
2020-11-23 22:27:13.343  INFO 641678 --- [main] com.fw.admin.AdminApplicationTests       : Started AdminApplicationTests in 4.482 seconds (JVM running for 6.445)
2020-11-23 22:27:13.709  WARN 641678 --- [main] c.b.m.e.p.i.PaginationInnerInterceptor   : optimize this sql to a count sql has exception, sql:"SELECT  id,name,categoryId,fileSize,uploadTime,url,type  FROM images 
 
 WHERE  categoryId=?
 AND fileSize=?


 AND type=?", exception:
null
2020-11-23 22:27:14.079  INFO 641678 --- [main] com.alibaba.druid.pool.DruidDataSource   : {dataSource-1} inited
2020-11-23 22:27:14.349  INFO 641678 --- [SpringContextShutdownHook] com.alibaba.druid.pool.DruidDataSource   : {dataSource-1} closing ...
2020-11-23 22:27:14.371  INFO 641678 --- [SpringContextShutdownHook] com.alibaba.druid.pool.DruidDataSource   : {dataSource-1} closed
2020-11-23 22:29:06.011  INFO 643217 --- [main] com.fw.admin.AdminApplicationTests       : Starting AdminApplicationTests on yqf-CW65S with PID 643217 (started by yqf in /home/yqf/IdeaProjects/yj/admin)
2020-11-23 22:29:06.012  INFO 643217 --- [main] com.fw.admin.AdminApplicationTests       : No active profile set, falling back to default profiles: default
2020-11-23 22:29:09.539  INFO 643217 --- [main] com.fw.admin.AdminApplicationTests       : Started AdminApplicationTests in 3.969 seconds (JVM running for 5.545)
2020-11-23 22:29:10.153  INFO 643217 --- [main] com.alibaba.druid.pool.DruidDataSource   : {dataSource-1} inited
2020-11-23 22:29:10.358  INFO 643217 --- [SpringContextShutdownHook] com.alibaba.druid.pool.DruidDataSource   : {dataSource-1} closing ...
2020-11-23 22:29:10.373  INFO 643217 --- [SpringContextShutdownHook] com.alibaba.druid.pool.DruidDataSource   : {dataSource-1} closed
2020-11-23 22:32:00.073  INFO 645389 --- [main] com.fw.admin.AdminApplicationTests       : Starting AdminApplicationTests on yqf-CW65S with PID 645389 (started by yqf in /home/yqf/IdeaProjects/yj/admin)
2020-11-23 22:32:00.074  INFO 645389 --- [main] com.fw.admin.AdminApplicationTests       : No active profile set, falling back to default profiles: default
2020-11-23 22:32:03.649  INFO 645389 --- [main] com.fw.admin.AdminApplicationTests       : Started AdminApplicationTests in 4.086 seconds (JVM running for 5.785)
2020-11-23 22:32:03.920  WARN 645389 --- [main] c.b.m.e.p.i.PaginationInnerInterceptor   : optimize this sql to a count sql has exception, sql:"SELECT  id,name,categoryId,fileSize,uploadTime,url,type  FROM images 
 
 WHERE  categoryId=?
 AND fileSize=?", exception:
null
2020-11-23 22:32:04.231  INFO 645389 --- [main] com.alibaba.druid.pool.DruidDataSource   : {dataSource-1} inited
2020-11-23 22:32:04.469  INFO 645389 --- [SpringContextShutdownHook] com.alibaba.druid.pool.DruidDataSource   : {dataSource-1} closing ...
2020-11-23 22:32:04.480  INFO 645389 --- [SpringContextShutdownHook] com.alibaba.druid.pool.DruidDataSource   : {dataSource-1} closed
2020-11-23 22:32:48.667  INFO 646151 --- [main] com.fw.admin.AdminApplicationTests       : Starting AdminApplicationTests on yqf-CW65S with PID 646151 (started by yqf in /home/yqf/IdeaProjects/yj/admin)
2020-11-23 22:32:48.669  INFO 646151 --- [main] com.fw.admin.AdminApplicationTests       : No active profile set, falling back to default profiles: default
2020-11-23 22:32:52.634  INFO 646151 --- [main] com.fw.admin.AdminApplicationTests       : Started AdminApplicationTests in 4.334 seconds (JVM running for 6.303)
2020-11-23 22:32:53.033  WARN 646151 --- [main] c.b.m.e.p.i.PaginationInnerInterceptor   : optimize this sql to a count sql has exception, sql:"SELECT  id,name,categoryId,uploadTime,url,type  FROM images 
 
 WHERE  categoryId=?", exception:
null
2020-11-23 22:32:53.399  INFO 646151 --- [main] com.alibaba.druid.pool.DruidDataSource   : {dataSource-1} inited
2020-11-23 22:32:53.724  INFO 646151 --- [SpringContextShutdownHook] com.alibaba.druid.pool.DruidDataSource   : {dataSource-1} closing ...
2020-11-23 22:32:53.753  INFO 646151 --- [SpringContextShutdownHook] com.alibaba.druid.pool.DruidDataSource   : {dataSource-1} closed
2020-11-23 22:37:42.452  INFO 649831 --- [main] com.fw.admin.AdminApplicationTests       : Starting AdminApplicationTests on yqf-CW65S with PID 649831 (started by yqf in /home/yqf/IdeaProjects/yj/admin)
2020-11-23 22:37:42.454  INFO 649831 --- [main] com.fw.admin.AdminApplicationTests       : No active profile set, falling back to default profiles: default
2020-11-23 22:37:46.711  INFO 649831 --- [main] com.fw.admin.AdminApplicationTests       : Started AdminApplicationTests in 4.746 seconds (JVM running for 7.175)
2020-11-23 22:37:47.054  WARN 649831 --- [main] c.b.m.e.p.i.PaginationInnerInterceptor   : optimize this sql to a count sql has exception, sql:"SELECT  id,name,categoryId,uploadTime,url,type,magnitude  FROM images 
 
 WHERE  categoryId=?



 AND magnitude=?", exception:
null
2020-11-23 22:37:47.376  INFO 649831 --- [main] com.alibaba.druid.pool.DruidDataSource   : {dataSource-1} inited
2020-11-23 22:37:47.604  INFO 649831 --- [SpringContextShutdownHook] com.alibaba.druid.pool.DruidDataSource   : {dataSource-1} closing ...
2020-11-23 22:37:47.619  INFO 649831 --- [SpringContextShutdownHook] com.alibaba.druid.pool.DruidDataSource   : {dataSource-1} closed
2020-11-23 22:38:07.976  INFO 650276 --- [main] com.fw.admin.AdminApplicationTests       : Starting AdminApplicationTests on yqf-CW65S with PID 650276 (started by yqf in /home/yqf/IdeaProjects/yj/admin)
2020-11-23 22:38:07.977  INFO 650276 --- [main] com.fw.admin.AdminApplicationTests       : No active profile set, falling back to default profiles: default
2020-11-23 22:38:12.045  INFO 650276 --- [main] com.fw.admin.AdminApplicationTests       : Started AdminApplicationTests in 4.453 seconds (JVM running for 6.284)
2020-11-23 22:38:12.396  WARN 650276 --- [main] c.b.m.e.p.i.PaginationInnerInterceptor   : optimize this sql to a count sql has exception, sql:"SELECT  id,name,categoryId,uploadTime,url,type,magnitude  FROM images 
 
 WHERE  categoryId=?", exception:
null
2020-11-23 22:38:12.761  INFO 650276 --- [main] com.alibaba.druid.pool.DruidDataSource   : {dataSource-1} inited
2020-11-23 22:38:13.034  INFO 650276 --- [SpringContextShutdownHook] com.alibaba.druid.pool.DruidDataSource   : {dataSource-1} closing ...
2020-11-23 22:38:13.048  INFO 650276 --- [SpringContextShutdownHook] com.alibaba.druid.pool.DruidDataSource   : {dataSource-1} closed
