2020-11-23 10:58:22.221  INFO 132943 --- [main] com.fw.spider.SpiderApplicationTests     : Starting SpiderApplicationTests on yqf-CW65S with PID 132943 (started by yqf in /home/yqf/IdeaProjects/yj/spider)
2020-11-23 10:58:22.229  INFO 132943 --- [main] com.fw.spider.SpiderApplicationTests     : No active profile set, falling back to default profiles: default
2020-11-23 10:58:23.151  WARN 132943 --- [main] o.m.s.mapper.ClassPathMapperScanner      : Skipping MapperFactoryBean with name 'answerMapper' and 'com.fw.core.mapper.AnswerMapper' mapperInterface. Bean already defined with the same name!
2020-11-23 10:58:23.152  WARN 132943 --- [main] o.m.s.mapper.ClassPathMapperScanner      : Skipping MapperFactoryBean with name 'attentionMapper' and 'com.fw.core.mapper.AttentionMapper' mapperInterface. Bean already defined with the same name!
2020-11-23 10:58:23.152  WARN 132943 --- [main] o.m.s.mapper.ClassPathMapperScanner      : Skipping MapperFactoryBean with name 'baseGuaMapper' and 'com.fw.core.mapper.BaseGuaMapper' mapperInterface. Bean already defined with the same name!
2020-11-23 10:58:23.152  WARN 132943 --- [main] o.m.s.mapper.ClassPathMapperScanner      : Skipping MapperFactoryBean with name 'clientMapper' and 'com.fw.core.mapper.ClientMapper' mapperInterface. Bean already defined with the same name!
2020-11-23 10:58:23.152  WARN 132943 --- [main] o.m.s.mapper.ClassPathMapperScanner      : Skipping MapperFactoryBean with name 'communityCategoryMapper' and 'com.fw.core.mapper.CommunityCategoryMapper' mapperInterface. Bean already defined with the same name!
2020-11-23 10:58:23.152  WARN 132943 --- [main] o.m.s.mapper.ClassPathMapperScanner      : Skipping MapperFactoryBean with name 'gradeMapper' and 'com.fw.core.mapper.GradeMapper' mapperInterface. Bean already defined with the same name!
2020-11-23 10:58:23.152  WARN 132943 --- [main] o.m.s.mapper.ClassPathMapperScanner      : Skipping MapperFactoryBean with name 'guaMapper' and 'com.fw.core.mapper.GuaMapper' mapperInterface. Bean already defined with the same name!
2020-11-23 10:58:23.152  WARN 132943 --- [main] o.m.s.mapper.ClassPathMapperScanner      : Skipping MapperFactoryBean with name 'imagesCategoryMapper' and 'com.fw.core.mapper.ImagesCategoryMapper' mapperInterface. Bean already defined with the same name!
2020-11-23 10:58:23.152  WARN 132943 --- [main] o.m.s.mapper.ClassPathMapperScanner      : Skipping MapperFactoryBean with name 'imagesMapper' and 'com.fw.core.mapper.ImagesMapper' mapperInterface. Bean already defined with the same name!
2020-11-23 10:58:23.153  WARN 132943 --- [main] o.m.s.mapper.ClassPathMapperScanner      : Skipping MapperFactoryBean with name 'intergralRecordMapper' and 'com.fw.core.mapper.IntergralRecordMapper' mapperInterface. Bean already defined with the same name!
2020-11-23 10:58:23.153  WARN 132943 --- [main] o.m.s.mapper.ClassPathMapperScanner      : Skipping MapperFactoryBean with name 'messageMapper' and 'com.fw.core.mapper.MessageMapper' mapperInterface. Bean already defined with the same name!
2020-11-23 10:58:23.153  WARN 132943 --- [main] o.m.s.mapper.ClassPathMapperScanner      : Skipping MapperFactoryBean with name 'predictionCategoryMapper' and 'com.fw.core.mapper.PredictionCategoryMapper' mapperInterface. Bean already defined with the same name!
2020-11-23 10:58:23.153  WARN 132943 --- [main] o.m.s.mapper.ClassPathMapperScanner      : Skipping MapperFactoryBean with name 'predictionMapper' and 'com.fw.core.mapper.PredictionMapper' mapperInterface. Bean already defined with the same name!
2020-11-23 10:58:23.153  WARN 132943 --- [main] o.m.s.mapper.ClassPathMapperScanner      : Skipping MapperFactoryBean with name 'questionsMapper' and 'com.fw.core.mapper.QuestionsMapper' mapperInterface. Bean already defined with the same name!
2020-11-23 10:58:23.153  WARN 132943 --- [main] o.m.s.mapper.ClassPathMapperScanner      : Skipping MapperFactoryBean with name 'userMapper' and 'com.fw.core.mapper.UserMapper' mapperInterface. Bean already defined with the same name!
2020-11-23 10:58:23.153  WARN 132943 --- [main] o.m.s.mapper.ClassPathMapperScanner      : Skipping MapperFactoryBean with name 'videoCategoryMapper' and 'com.fw.core.mapper.VideoCategoryMapper' mapperInterface. Bean already defined with the same name!
2020-11-23 10:58:23.153  WARN 132943 --- [main] o.m.s.mapper.ClassPathMapperScanner      : Skipping MapperFactoryBean with name 'videoMapper' and 'com.fw.core.mapper.VideoMapper' mapperInterface. Bean already defined with the same name!
2020-11-23 10:58:23.153  WARN 132943 --- [main] o.m.s.mapper.ClassPathMapperScanner      : Skipping MapperFactoryBean with name 'wxImagesMapper' and 'com.fw.core.mapper.WxImagesMapper' mapperInterface. Bean already defined with the same name!
2020-11-23 10:58:23.153  WARN 132943 --- [main] o.m.s.mapper.ClassPathMapperScanner      : Skipping MapperFactoryBean with name 'yaoMapper' and 'com.fw.core.mapper.YaoMapper' mapperInterface. Bean already defined with the same name!
2020-11-23 10:58:23.154  WARN 132943 --- [main] o.m.s.mapper.ClassPathMapperScanner      : No MyBatis mapper was found in '[com.fw.core.mapper]' package. Please check your configuration.
2020-11-23 10:58:26.096  INFO 132943 --- [main] com.fw.spider.SpiderApplicationTests     : Started SpiderApplicationTests in 4.203 seconds (JVM running for 6.144)
2020-11-23 10:58:26.994  WARN 132943 --- [main] o.a.h.c.protocol.ResponseProcessCookies  : Invalid cookie header: "Set-Cookie: buvid3=D9FA7FB8-B1EE-5E86-138E-227AE4843E5607001infoc; path=/; expires=Sun, 20 Aug 2023 02:58:27 GMT; domain=.bilibili.com". Invalid 'expires' attribute: Sun, 20 Aug 2023 02:58:27 GMT
2020-11-23 10:58:27.123  WARN 132943 --- [main] o.a.h.c.protocol.ResponseProcessCookies  : Invalid cookie header: "Set-Cookie: buvid3=003495D4-8D19-E19D-186D-F00BA0418CE707144infoc; path=/; expires=Sun, 20 Aug 2023 02:58:27 GMT; domain=.bilibili.com". Invalid 'expires' attribute: Sun, 20 Aug 2023 02:58:27 GMT
2020-11-23 10:58:27.124  WARN 132943 --- [main] o.a.h.c.protocol.ResponseProcessCookies  : Invalid cookie header: "Set-Cookie: main_confirmation=E6mdP7iVh22O3GpMDHgoiYmKtQ/li7jWaILxgJilhZU=; path=/; expires=Mon, 23 Nov 2020 02:58:57 GMT; httponly". Invalid 'expires' attribute: Mon, 23 Nov 2020 02:58:57 GMT
2020-11-23 10:58:27.197  WARN 132943 --- [main] o.a.h.c.protocol.ResponseProcessCookies  : Invalid cookie header: "Set-Cookie: buvid3=98DE6CF8-4AED-3DE4-A998-5F0835B6256507193infoc; path=/; expires=Sun, 20 Aug 2023 02:58:27 GMT; domain=.bilibili.com". Invalid 'expires' attribute: Sun, 20 Aug 2023 02:58:27 GMT
2020-11-23 10:58:27.198  WARN 132943 --- [main] o.a.h.c.protocol.ResponseProcessCookies  : Invalid cookie header: "Set-Cookie: main_confirmation=E6mdP7iVh22O3GpMDHgoiYmKtQ/li7jWsfvrnjHadzk=; path=/; expires=Mon, 23 Nov 2020 02:58:57 GMT; httponly". Invalid 'expires' attribute: Mon, 23 Nov 2020 02:58:57 GMT
2020-11-23 10:58:27.325  INFO 132943 --- [SpringContextShutdownHook] com.alibaba.druid.pool.DruidDataSource   : {dataSource-0} closing ...
2020-11-23 11:18:56.978  INFO 148633 --- [main] com.fw.spider.SpiderApplicationTests     : Starting SpiderApplicationTests on yqf-CW65S with PID 148633 (started by yqf in /home/yqf/IdeaProjects/yj/spider)
2020-11-23 11:18:56.980  INFO 148633 --- [main] com.fw.spider.SpiderApplicationTests     : No active profile set, falling back to default profiles: default
2020-11-23 11:18:58.087  WARN 148633 --- [main] o.m.s.mapper.ClassPathMapperScanner      : Skipping MapperFactoryBean with name 'answerMapper' and 'com.fw.core.mapper.AnswerMapper' mapperInterface. Bean already defined with the same name!
2020-11-23 11:18:58.087  WARN 148633 --- [main] o.m.s.mapper.ClassPathMapperScanner      : Skipping MapperFactoryBean with name 'attentionMapper' and 'com.fw.core.mapper.AttentionMapper' mapperInterface. Bean already defined with the same name!
2020-11-23 11:18:58.087  WARN 148633 --- [main] o.m.s.mapper.ClassPathMapperScanner      : Skipping MapperFactoryBean with name 'baseGuaMapper' and 'com.fw.core.mapper.BaseGuaMapper' mapperInterface. Bean already defined with the same name!
2020-11-23 11:18:58.087  WARN 148633 --- [main] o.m.s.mapper.ClassPathMapperScanner      : Skipping MapperFactoryBean with name 'clientMapper' and 'com.fw.core.mapper.ClientMapper' mapperInterface. Bean already defined with the same name!
2020-11-23 11:18:58.087  WARN 148633 --- [main] o.m.s.mapper.ClassPathMapperScanner      : Skipping MapperFactoryBean with name 'communityCategoryMapper' and 'com.fw.core.mapper.CommunityCategoryMapper' mapperInterface. Bean already defined with the same name!
2020-11-23 11:18:58.087  WARN 148633 --- [main] o.m.s.mapper.ClassPathMapperScanner      : Skipping MapperFactoryBean with name 'gradeMapper' and 'com.fw.core.mapper.GradeMapper' mapperInterface. Bean already defined with the same name!
2020-11-23 11:18:58.087  WARN 148633 --- [main] o.m.s.mapper.ClassPathMapperScanner      : Skipping MapperFactoryBean with name 'guaMapper' and 'com.fw.core.mapper.GuaMapper' mapperInterface. Bean already defined with the same name!
2020-11-23 11:18:58.087  WARN 148633 --- [main] o.m.s.mapper.ClassPathMapperScanner      : Skipping MapperFactoryBean with name 'imagesCategoryMapper' and 'com.fw.core.mapper.ImagesCategoryMapper' mapperInterface. Bean already defined with the same name!
2020-11-23 11:18:58.087  WARN 148633 --- [main] o.m.s.mapper.ClassPathMapperScanner      : Skipping MapperFactoryBean with name 'imagesMapper' and 'com.fw.core.mapper.ImagesMapper' mapperInterface. Bean already defined with the same name!
2020-11-23 11:18:58.087  WARN 148633 --- [main] o.m.s.mapper.ClassPathMapperScanner      : Skipping MapperFactoryBean with name 'intergralRecordMapper' and 'com.fw.core.mapper.IntergralRecordMapper' mapperInterface. Bean already defined with the same name!
2020-11-23 11:18:58.087  WARN 148633 --- [main] o.m.s.mapper.ClassPathMapperScanner      : Skipping MapperFactoryBean with name 'messageMapper' and 'com.fw.core.mapper.MessageMapper' mapperInterface. Bean already defined with the same name!
2020-11-23 11:18:58.088  WARN 148633 --- [main] o.m.s.mapper.ClassPathMapperScanner      : Skipping MapperFactoryBean with name 'predictionCategoryMapper' and 'com.fw.core.mapper.PredictionCategoryMapper' mapperInterface. Bean already defined with the same name!
2020-11-23 11:18:58.088  WARN 148633 --- [main] o.m.s.mapper.ClassPathMapperScanner      : Skipping MapperFactoryBean with name 'predictionMapper' and 'com.fw.core.mapper.PredictionMapper' mapperInterface. Bean already defined with the same name!
2020-11-23 11:18:58.088  WARN 148633 --- [main] o.m.s.mapper.ClassPathMapperScanner      : Skipping MapperFactoryBean with name 'questionsMapper' and 'com.fw.core.mapper.QuestionsMapper' mapperInterface. Bean already defined with the same name!
2020-11-23 11:18:58.088  WARN 148633 --- [main] o.m.s.mapper.ClassPathMapperScanner      : Skipping MapperFactoryBean with name 'userMapper' and 'com.fw.core.mapper.UserMapper' mapperInterface. Bean already defined with the same name!
2020-11-23 11:18:58.088  WARN 148633 --- [main] o.m.s.mapper.ClassPathMapperScanner      : Skipping MapperFactoryBean with name 'videoCategoryMapper' and 'com.fw.core.mapper.VideoCategoryMapper' mapperInterface. Bean already defined with the same name!
2020-11-23 11:18:58.088  WARN 148633 --- [main] o.m.s.mapper.ClassPathMapperScanner      : Skipping MapperFactoryBean with name 'videoMapper' and 'com.fw.core.mapper.VideoMapper' mapperInterface. Bean already defined with the same name!
2020-11-23 11:18:58.088  WARN 148633 --- [main] o.m.s.mapper.ClassPathMapperScanner      : Skipping MapperFactoryBean with name 'wxImagesMapper' and 'com.fw.core.mapper.WxImagesMapper' mapperInterface. Bean already defined with the same name!
2020-11-23 11:18:58.088  WARN 148633 --- [main] o.m.s.mapper.ClassPathMapperScanner      : Skipping MapperFactoryBean with name 'yaoMapper' and 'com.fw.core.mapper.YaoMapper' mapperInterface. Bean already defined with the same name!
2020-11-23 11:18:58.088  WARN 148633 --- [main] o.m.s.mapper.ClassPathMapperScanner      : No MyBatis mapper was found in '[com.fw.core.mapper]' package. Please check your configuration.
2020-11-23 11:19:01.188  INFO 148633 --- [main] com.fw.spider.SpiderApplicationTests     : Started SpiderApplicationTests in 4.716 seconds (JVM running for 6.484)
2020-11-23 11:19:02.436  INFO 148633 --- [SpringContextShutdownHook] com.alibaba.druid.pool.DruidDataSource   : {dataSource-0} closing ...
2020-11-23 11:30:16.515  INFO 157429 --- [main] com.fw.spider.SpiderApplicationTests     : Starting SpiderApplicationTests on yqf-CW65S with PID 157429 (started by yqf in /home/yqf/IdeaProjects/yj/spider)
2020-11-23 11:30:16.516  INFO 157429 --- [main] com.fw.spider.SpiderApplicationTests     : No active profile set, falling back to default profiles: default
2020-11-23 11:30:17.524  WARN 157429 --- [main] o.m.s.mapper.ClassPathMapperScanner      : Skipping MapperFactoryBean with name 'answerMapper' and 'com.fw.core.mapper.AnswerMapper' mapperInterface. Bean already defined with the same name!
2020-11-23 11:30:17.524  WARN 157429 --- [main] o.m.s.mapper.ClassPathMapperScanner      : Skipping MapperFactoryBean with name 'attentionMapper' and 'com.fw.core.mapper.AttentionMapper' mapperInterface. Bean already defined with the same name!
2020-11-23 11:30:17.525  WARN 157429 --- [main] o.m.s.mapper.ClassPathMapperScanner      : Skipping MapperFactoryBean with name 'baseGuaMapper' and 'com.fw.core.mapper.BaseGuaMapper' mapperInterface. Bean already defined with the same name!
2020-11-23 11:30:17.525  WARN 157429 --- [main] o.m.s.mapper.ClassPathMapperScanner      : Skipping MapperFactoryBean with name 'clientMapper' and 'com.fw.core.mapper.ClientMapper' mapperInterface. Bean already defined with the same name!
2020-11-23 11:30:17.525  WARN 157429 --- [main] o.m.s.mapper.ClassPathMapperScanner      : Skipping MapperFactoryBean with name 'communityCategoryMapper' and 'com.fw.core.mapper.CommunityCategoryMapper' mapperInterface. Bean already defined with the same name!
2020-11-23 11:30:17.525  WARN 157429 --- [main] o.m.s.mapper.ClassPathMapperScanner      : Skipping MapperFactoryBean with name 'gradeMapper' and 'com.fw.core.mapper.GradeMapper' mapperInterface. Bean already defined with the same name!
2020-11-23 11:30:17.525  WARN 157429 --- [main] o.m.s.mapper.ClassPathMapperScanner      : Skipping MapperFactoryBean with name 'guaMapper' and 'com.fw.core.mapper.GuaMapper' mapperInterface. Bean already defined with the same name!
2020-11-23 11:30:17.525  WARN 157429 --- [main] o.m.s.mapper.ClassPathMapperScanner      : Skipping MapperFactoryBean with name 'imagesCategoryMapper' and 'com.fw.core.mapper.ImagesCategoryMapper' mapperInterface. Bean already defined with the same name!
2020-11-23 11:30:17.525  WARN 157429 --- [main] o.m.s.mapper.ClassPathMapperScanner      : Skipping MapperFactoryBean with name 'imagesMapper' and 'com.fw.core.mapper.ImagesMapper' mapperInterface. Bean already defined with the same name!
2020-11-23 11:30:17.525  WARN 157429 --- [main] o.m.s.mapper.ClassPathMapperScanner      : Skipping MapperFactoryBean with name 'intergralRecordMapper' and 'com.fw.core.mapper.IntergralRecordMapper' mapperInterface. Bean already defined with the same name!
2020-11-23 11:30:17.525  WARN 157429 --- [main] o.m.s.mapper.ClassPathMapperScanner      : Skipping MapperFactoryBean with name 'messageMapper' and 'com.fw.core.mapper.MessageMapper' mapperInterface. Bean already defined with the same name!
2020-11-23 11:30:17.525  WARN 157429 --- [main] o.m.s.mapper.ClassPathMapperScanner      : Skipping MapperFactoryBean with name 'predictionCategoryMapper' and 'com.fw.core.mapper.PredictionCategoryMapper' mapperInterface. Bean already defined with the same name!
2020-11-23 11:30:17.525  WARN 157429 --- [main] o.m.s.mapper.ClassPathMapperScanner      : Skipping MapperFactoryBean with name 'predictionMapper' and 'com.fw.core.mapper.PredictionMapper' mapperInterface. Bean already defined with the same name!
2020-11-23 11:30:17.525  WARN 157429 --- [main] o.m.s.mapper.ClassPathMapperScanner      : Skipping MapperFactoryBean with name 'questionsMapper' and 'com.fw.core.mapper.QuestionsMapper' mapperInterface. Bean already defined with the same name!
2020-11-23 11:30:17.525  WARN 157429 --- [main] o.m.s.mapper.ClassPathMapperScanner      : Skipping MapperFactoryBean with name 'userMapper' and 'com.fw.core.mapper.UserMapper' mapperInterface. Bean already defined with the same name!
2020-11-23 11:30:17.526  WARN 157429 --- [main] o.m.s.mapper.ClassPathMapperScanner      : Skipping MapperFactoryBean with name 'videoCategoryMapper' and 'com.fw.core.mapper.VideoCategoryMapper' mapperInterface. Bean already defined with the same name!
2020-11-23 11:30:17.526  WARN 157429 --- [main] o.m.s.mapper.ClassPathMapperScanner      : Skipping MapperFactoryBean with name 'videoMapper' and 'com.fw.core.mapper.VideoMapper' mapperInterface. Bean already defined with the same name!
2020-11-23 11:30:17.526  WARN 157429 --- [main] o.m.s.mapper.ClassPathMapperScanner      : Skipping MapperFactoryBean with name 'wxImagesMapper' and 'com.fw.core.mapper.WxImagesMapper' mapperInterface. Bean already defined with the same name!
2020-11-23 11:30:17.526  WARN 157429 --- [main] o.m.s.mapper.ClassPathMapperScanner      : Skipping MapperFactoryBean with name 'yaoMapper' and 'com.fw.core.mapper.YaoMapper' mapperInterface. Bean already defined with the same name!
2020-11-23 11:30:17.526  WARN 157429 --- [main] o.m.s.mapper.ClassPathMapperScanner      : No MyBatis mapper was found in '[com.fw.core.mapper]' package. Please check your configuration.
2020-11-23 11:30:20.421  INFO 157429 --- [main] com.fw.spider.SpiderApplicationTests     : Started SpiderApplicationTests in 4.324 seconds (JVM running for 6.299)
2020-11-23 11:30:21.234  INFO 157429 --- [SpringContextShutdownHook] com.alibaba.druid.pool.DruidDataSource   : {dataSource-0} closing ...
2020-11-23 11:38:45.332  INFO 163926 --- [main] com.fw.spider.SpiderApplicationTests     : Starting SpiderApplicationTests on yqf-CW65S with PID 163926 (started by yqf in /home/yqf/IdeaProjects/yj/spider)
2020-11-23 11:38:45.338  INFO 163926 --- [main] com.fw.spider.SpiderApplicationTests     : No active profile set, falling back to default profiles: default
2020-11-23 11:38:46.865  WARN 163926 --- [main] o.m.s.mapper.ClassPathMapperScanner      : Skipping MapperFactoryBean with name 'answerMapper' and 'com.fw.core.mapper.AnswerMapper' mapperInterface. Bean already defined with the same name!
2020-11-23 11:38:46.866  WARN 163926 --- [main] o.m.s.mapper.ClassPathMapperScanner      : Skipping MapperFactoryBean with name 'attentionMapper' and 'com.fw.core.mapper.AttentionMapper' mapperInterface. Bean already defined with the same name!
2020-11-23 11:38:46.866  WARN 163926 --- [main] o.m.s.mapper.ClassPathMapperScanner      : Skipping MapperFactoryBean with name 'baseGuaMapper' and 'com.fw.core.mapper.BaseGuaMapper' mapperInterface. Bean already defined with the same name!
2020-11-23 11:38:46.867  WARN 163926 --- [main] o.m.s.mapper.ClassPathMapperScanner      : Skipping MapperFactoryBean with name 'clientMapper' and 'com.fw.core.mapper.ClientMapper' mapperInterface. Bean already defined with the same name!
2020-11-23 11:38:46.867  WARN 163926 --- [main] o.m.s.mapper.ClassPathMapperScanner      : Skipping MapperFactoryBean with name 'communityCategoryMapper' and 'com.fw.core.mapper.CommunityCategoryMapper' mapperInterface. Bean already defined with the same name!
2020-11-23 11:38:46.867  WARN 163926 --- [main] o.m.s.mapper.ClassPathMapperScanner      : Skipping MapperFactoryBean with name 'gradeMapper' and 'com.fw.core.mapper.GradeMapper' mapperInterface. Bean already defined with the same name!
2020-11-23 11:38:46.867  WARN 163926 --- [main] o.m.s.mapper.ClassPathMapperScanner      : Skipping MapperFactoryBean with name 'guaMapper' and 'com.fw.core.mapper.GuaMapper' mapperInterface. Bean already defined with the same name!
2020-11-23 11:38:46.868  WARN 163926 --- [main] o.m.s.mapper.ClassPathMapperScanner      : Skipping MapperFactoryBean with name 'imagesCategoryMapper' and 'com.fw.core.mapper.ImagesCategoryMapper' mapperInterface. Bean already defined with the same name!
2020-11-23 11:38:46.868  WARN 163926 --- [main] o.m.s.mapper.ClassPathMapperScanner      : Skipping MapperFactoryBean with name 'imagesMapper' and 'com.fw.core.mapper.ImagesMapper' mapperInterface. Bean already defined with the same name!
2020-11-23 11:38:46.868  WARN 163926 --- [main] o.m.s.mapper.ClassPathMapperScanner      : Skipping MapperFactoryBean with name 'intergralRecordMapper' and 'com.fw.core.mapper.IntergralRecordMapper' mapperInterface. Bean already defined with the same name!
2020-11-23 11:38:46.868  WARN 163926 --- [main] o.m.s.mapper.ClassPathMapperScanner      : Skipping MapperFactoryBean with name 'messageMapper' and 'com.fw.core.mapper.MessageMapper' mapperInterface. Bean already defined with the same name!
2020-11-23 11:38:46.868  WARN 163926 --- [main] o.m.s.mapper.ClassPathMapperScanner      : Skipping MapperFactoryBean with name 'predictionCategoryMapper' and 'com.fw.core.mapper.PredictionCategoryMapper' mapperInterface. Bean already defined with the same name!
2020-11-23 11:38:46.869  WARN 163926 --- [main] o.m.s.mapper.ClassPathMapperScanner      : Skipping MapperFactoryBean with name 'predictionMapper' and 'com.fw.core.mapper.PredictionMapper' mapperInterface. Bean already defined with the same name!
2020-11-23 11:38:46.869  WARN 163926 --- [main] o.m.s.mapper.ClassPathMapperScanner      : Skipping MapperFactoryBean with name 'questionsMapper' and 'com.fw.core.mapper.QuestionsMapper' mapperInterface. Bean already defined with the same name!
2020-11-23 11:38:46.869  WARN 163926 --- [main] o.m.s.mapper.ClassPathMapperScanner      : Skipping MapperFactoryBean with name 'userMapper' and 'com.fw.core.mapper.UserMapper' mapperInterface. Bean already defined with the same name!
2020-11-23 11:38:46.869  WARN 163926 --- [main] o.m.s.mapper.ClassPathMapperScanner      : Skipping MapperFactoryBean with name 'videoCategoryMapper' and 'com.fw.core.mapper.VideoCategoryMapper' mapperInterface. Bean already defined with the same name!
2020-11-23 11:38:46.869  WARN 163926 --- [main] o.m.s.mapper.ClassPathMapperScanner      : Skipping MapperFactoryBean with name 'videoMapper' and 'com.fw.core.mapper.VideoMapper' mapperInterface. Bean already defined with the same name!
2020-11-23 11:38:46.870  WARN 163926 --- [main] o.m.s.mapper.ClassPathMapperScanner      : Skipping MapperFactoryBean with name 'wxImagesMapper' and 'com.fw.core.mapper.WxImagesMapper' mapperInterface. Bean already defined with the same name!
2020-11-23 11:38:46.870  WARN 163926 --- [main] o.m.s.mapper.ClassPathMapperScanner      : Skipping MapperFactoryBean with name 'yaoMapper' and 'com.fw.core.mapper.YaoMapper' mapperInterface. Bean already defined with the same name!
2020-11-23 11:38:46.870  WARN 163926 --- [main] o.m.s.mapper.ClassPathMapperScanner      : No MyBatis mapper was found in '[com.fw.core.mapper]' package. Please check your configuration.
2020-11-23 11:38:49.894  INFO 163926 --- [main] com.fw.spider.SpiderApplicationTests     : Started SpiderApplicationTests in 5.075 seconds (JVM running for 6.774)
2020-11-23 11:38:50.884  INFO 163926 --- [SpringContextShutdownHook] com.alibaba.druid.pool.DruidDataSource   : {dataSource-0} closing ...
2020-11-23 11:39:31.017  INFO 164529 --- [main] com.fw.spider.SpiderApplicationTests     : Starting SpiderApplicationTests on yqf-CW65S with PID 164529 (started by yqf in /home/yqf/IdeaProjects/yj/spider)
2020-11-23 11:39:31.018  INFO 164529 --- [main] com.fw.spider.SpiderApplicationTests     : No active profile set, falling back to default profiles: default
2020-11-23 11:39:32.127  WARN 164529 --- [main] o.m.s.mapper.ClassPathMapperScanner      : Skipping MapperFactoryBean with name 'answerMapper' and 'com.fw.core.mapper.AnswerMapper' mapperInterface. Bean already defined with the same name!
2020-11-23 11:39:32.128  WARN 164529 --- [main] o.m.s.mapper.ClassPathMapperScanner      : Skipping MapperFactoryBean with name 'attentionMapper' and 'com.fw.core.mapper.AttentionMapper' mapperInterface. Bean already defined with the same name!
2020-11-23 11:39:32.128  WARN 164529 --- [main] o.m.s.mapper.ClassPathMapperScanner      : Skipping MapperFactoryBean with name 'baseGuaMapper' and 'com.fw.core.mapper.BaseGuaMapper' mapperInterface. Bean already defined with the same name!
2020-11-23 11:39:32.128  WARN 164529 --- [main] o.m.s.mapper.ClassPathMapperScanner      : Skipping MapperFactoryBean with name 'clientMapper' and 'com.fw.core.mapper.ClientMapper' mapperInterface. Bean already defined with the same name!
2020-11-23 11:39:32.129  WARN 164529 --- [main] o.m.s.mapper.ClassPathMapperScanner      : Skipping MapperFactoryBean with name 'communityCategoryMapper' and 'com.fw.core.mapper.CommunityCategoryMapper' mapperInterface. Bean already defined with the same name!
2020-11-23 11:39:32.129  WARN 164529 --- [main] o.m.s.mapper.ClassPathMapperScanner      : Skipping MapperFactoryBean with name 'gradeMapper' and 'com.fw.core.mapper.GradeMapper' mapperInterface. Bean already defined with the same name!
2020-11-23 11:39:32.129  WARN 164529 --- [main] o.m.s.mapper.ClassPathMapperScanner      : Skipping MapperFactoryBean with name 'guaMapper' and 'com.fw.core.mapper.GuaMapper' mapperInterface. Bean already defined with the same name!
2020-11-23 11:39:32.129  WARN 164529 --- [main] o.m.s.mapper.ClassPathMapperScanner      : Skipping MapperFactoryBean with name 'imagesCategoryMapper' and 'com.fw.core.mapper.ImagesCategoryMapper' mapperInterface. Bean already defined with the same name!
2020-11-23 11:39:32.129  WARN 164529 --- [main] o.m.s.mapper.ClassPathMapperScanner      : Skipping MapperFactoryBean with name 'imagesMapper' and 'com.fw.core.mapper.ImagesMapper' mapperInterface. Bean already defined with the same name!
2020-11-23 11:39:32.129  WARN 164529 --- [main] o.m.s.mapper.ClassPathMapperScanner      : Skipping MapperFactoryBean with name 'intergralRecordMapper' and 'com.fw.core.mapper.IntergralRecordMapper' mapperInterface. Bean already defined with the same name!
2020-11-23 11:39:32.129  WARN 164529 --- [main] o.m.s.mapper.ClassPathMapperScanner      : Skipping MapperFactoryBean with name 'messageMapper' and 'com.fw.core.mapper.MessageMapper' mapperInterface. Bean already defined with the same name!
2020-11-23 11:39:32.129  WARN 164529 --- [main] o.m.s.mapper.ClassPathMapperScanner      : Skipping MapperFactoryBean with name 'predictionCategoryMapper' and 'com.fw.core.mapper.PredictionCategoryMapper' mapperInterface. Bean already defined with the same name!
2020-11-23 11:39:32.129  WARN 164529 --- [main] o.m.s.mapper.ClassPathMapperScanner      : Skipping MapperFactoryBean with name 'predictionMapper' and 'com.fw.core.mapper.PredictionMapper' mapperInterface. Bean already defined with the same name!
2020-11-23 11:39:32.130  WARN 164529 --- [main] o.m.s.mapper.ClassPathMapperScanner      : Skipping MapperFactoryBean with name 'questionsMapper' and 'com.fw.core.mapper.QuestionsMapper' mapperInterface. Bean already defined with the same name!
2020-11-23 11:39:32.130  WARN 164529 --- [main] o.m.s.mapper.ClassPathMapperScanner      : Skipping MapperFactoryBean with name 'userMapper' and 'com.fw.core.mapper.UserMapper' mapperInterface. Bean already defined with the same name!
2020-11-23 11:39:32.130  WARN 164529 --- [main] o.m.s.mapper.ClassPathMapperScanner      : Skipping MapperFactoryBean with name 'videoCategoryMapper' and 'com.fw.core.mapper.VideoCategoryMapper' mapperInterface. Bean already defined with the same name!
2020-11-23 11:39:32.130  WARN 164529 --- [main] o.m.s.mapper.ClassPathMapperScanner      : Skipping MapperFactoryBean with name 'videoMapper' and 'com.fw.core.mapper.VideoMapper' mapperInterface. Bean already defined with the same name!
2020-11-23 11:39:32.130  WARN 164529 --- [main] o.m.s.mapper.ClassPathMapperScanner      : Skipping MapperFactoryBean with name 'wxImagesMapper' and 'com.fw.core.mapper.WxImagesMapper' mapperInterface. Bean already defined with the same name!
2020-11-23 11:39:32.130  WARN 164529 --- [main] o.m.s.mapper.ClassPathMapperScanner      : Skipping MapperFactoryBean with name 'yaoMapper' and 'com.fw.core.mapper.YaoMapper' mapperInterface. Bean already defined with the same name!
2020-11-23 11:39:32.130  WARN 164529 --- [main] o.m.s.mapper.ClassPathMapperScanner      : No MyBatis mapper was found in '[com.fw.core.mapper]' package. Please check your configuration.
2020-11-23 11:39:35.149  INFO 164529 --- [main] com.fw.spider.SpiderApplicationTests     : Started SpiderApplicationTests in 4.715 seconds (JVM running for 6.842)
2020-11-23 11:39:36.025  INFO 164529 --- [SpringContextShutdownHook] com.alibaba.druid.pool.DruidDataSource   : {dataSource-0} closing ...
2020-11-23 11:48:26.931  INFO 171286 --- [main] com.fw.spider.SpiderApplicationTests     : Starting SpiderApplicationTests on yqf-CW65S with PID 171286 (started by yqf in /home/yqf/IdeaProjects/yj/spider)
2020-11-23 11:48:26.933  INFO 171286 --- [main] com.fw.spider.SpiderApplicationTests     : No active profile set, falling back to default profiles: default
2020-11-23 11:48:27.946  WARN 171286 --- [main] o.m.s.mapper.ClassPathMapperScanner      : Skipping MapperFactoryBean with name 'answerMapper' and 'com.fw.core.mapper.AnswerMapper' mapperInterface. Bean already defined with the same name!
2020-11-23 11:48:27.946  WARN 171286 --- [main] o.m.s.mapper.ClassPathMapperScanner      : Skipping MapperFactoryBean with name 'attentionMapper' and 'com.fw.core.mapper.AttentionMapper' mapperInterface. Bean already defined with the same name!
2020-11-23 11:48:27.947  WARN 171286 --- [main] o.m.s.mapper.ClassPathMapperScanner      : Skipping MapperFactoryBean with name 'baseGuaMapper' and 'com.fw.core.mapper.BaseGuaMapper' mapperInterface. Bean already defined with the same name!
2020-11-23 11:48:27.947  WARN 171286 --- [main] o.m.s.mapper.ClassPathMapperScanner      : Skipping MapperFactoryBean with name 'clientMapper' and 'com.fw.core.mapper.ClientMapper' mapperInterface. Bean already defined with the same name!
2020-11-23 11:48:27.947  WARN 171286 --- [main] o.m.s.mapper.ClassPathMapperScanner      : Skipping MapperFactoryBean with name 'communityCategoryMapper' and 'com.fw.core.mapper.CommunityCategoryMapper' mapperInterface. Bean already defined with the same name!
2020-11-23 11:48:27.947  WARN 171286 --- [main] o.m.s.mapper.ClassPathMapperScanner      : Skipping MapperFactoryBean with name 'gradeMapper' and 'com.fw.core.mapper.GradeMapper' mapperInterface. Bean already defined with the same name!
2020-11-23 11:48:27.947  WARN 171286 --- [main] o.m.s.mapper.ClassPathMapperScanner      : Skipping MapperFactoryBean with name 'guaMapper' and 'com.fw.core.mapper.GuaMapper' mapperInterface. Bean already defined with the same name!
2020-11-23 11:48:27.947  WARN 171286 --- [main] o.m.s.mapper.ClassPathMapperScanner      : Skipping MapperFactoryBean with name 'imagesCategoryMapper' and 'com.fw.core.mapper.ImagesCategoryMapper' mapperInterface. Bean already defined with the same name!
2020-11-23 11:48:27.947  WARN 171286 --- [main] o.m.s.mapper.ClassPathMapperScanner      : Skipping MapperFactoryBean with name 'imagesMapper' and 'com.fw.core.mapper.ImagesMapper' mapperInterface. Bean already defined with the same name!
2020-11-23 11:48:27.947  WARN 171286 --- [main] o.m.s.mapper.ClassPathMapperScanner      : Skipping MapperFactoryBean with name 'intergralRecordMapper' and 'com.fw.core.mapper.IntergralRecordMapper' mapperInterface. Bean already defined with the same name!
2020-11-23 11:48:27.947  WARN 171286 --- [main] o.m.s.mapper.ClassPathMapperScanner      : Skipping MapperFactoryBean with name 'messageMapper' and 'com.fw.core.mapper.MessageMapper' mapperInterface. Bean already defined with the same name!
2020-11-23 11:48:27.947  WARN 171286 --- [main] o.m.s.mapper.ClassPathMapperScanner      : Skipping MapperFactoryBean with name 'predictionCategoryMapper' and 'com.fw.core.mapper.PredictionCategoryMapper' mapperInterface. Bean already defined with the same name!
2020-11-23 11:48:27.947  WARN 171286 --- [main] o.m.s.mapper.ClassPathMapperScanner      : Skipping MapperFactoryBean with name 'predictionMapper' and 'com.fw.core.mapper.PredictionMapper' mapperInterface. Bean already defined with the same name!
2020-11-23 11:48:27.947  WARN 171286 --- [main] o.m.s.mapper.ClassPathMapperScanner      : Skipping MapperFactoryBean with name 'questionsMapper' and 'com.fw.core.mapper.QuestionsMapper' mapperInterface. Bean already defined with the same name!
2020-11-23 11:48:27.948  WARN 171286 --- [main] o.m.s.mapper.ClassPathMapperScanner      : Skipping MapperFactoryBean with name 'userMapper' and 'com.fw.core.mapper.UserMapper' mapperInterface. Bean already defined with the same name!
2020-11-23 11:48:27.948  WARN 171286 --- [main] o.m.s.mapper.ClassPathMapperScanner      : Skipping MapperFactoryBean with name 'videoCategoryMapper' and 'com.fw.core.mapper.VideoCategoryMapper' mapperInterface. Bean already defined with the same name!
2020-11-23 11:48:27.948  WARN 171286 --- [main] o.m.s.mapper.ClassPathMapperScanner      : Skipping MapperFactoryBean with name 'videoMapper' and 'com.fw.core.mapper.VideoMapper' mapperInterface. Bean already defined with the same name!
2020-11-23 11:48:27.948  WARN 171286 --- [main] o.m.s.mapper.ClassPathMapperScanner      : Skipping MapperFactoryBean with name 'wxImagesMapper' and 'com.fw.core.mapper.WxImagesMapper' mapperInterface. Bean already defined with the same name!
2020-11-23 11:48:27.948  WARN 171286 --- [main] o.m.s.mapper.ClassPathMapperScanner      : Skipping MapperFactoryBean with name 'yaoMapper' and 'com.fw.core.mapper.YaoMapper' mapperInterface. Bean already defined with the same name!
2020-11-23 11:48:27.948  WARN 171286 --- [main] o.m.s.mapper.ClassPathMapperScanner      : No MyBatis mapper was found in '[com.fw.core.mapper]' package. Please check your configuration.
2020-11-23 11:48:30.928  INFO 171286 --- [main] com.fw.spider.SpiderApplicationTests     : Started SpiderApplicationTests in 4.431 seconds (JVM running for 6.362)
2020-11-23 11:48:31.742  INFO 171286 --- [SpringContextShutdownHook] com.alibaba.druid.pool.DruidDataSource   : {dataSource-0} closing ...
2020-11-23 11:49:07.800  INFO 171835 --- [main] com.fw.spider.SpiderApplicationTests     : Starting SpiderApplicationTests on yqf-CW65S with PID 171835 (started by yqf in /home/yqf/IdeaProjects/yj/spider)
2020-11-23 11:49:07.802  INFO 171835 --- [main] com.fw.spider.SpiderApplicationTests     : No active profile set, falling back to default profiles: default
2020-11-23 11:49:08.866  WARN 171835 --- [main] o.m.s.mapper.ClassPathMapperScanner      : Skipping MapperFactoryBean with name 'answerMapper' and 'com.fw.core.mapper.AnswerMapper' mapperInterface. Bean already defined with the same name!
2020-11-23 11:49:08.867  WARN 171835 --- [main] o.m.s.mapper.ClassPathMapperScanner      : Skipping MapperFactoryBean with name 'attentionMapper' and 'com.fw.core.mapper.AttentionMapper' mapperInterface. Bean already defined with the same name!
2020-11-23 11:49:08.867  WARN 171835 --- [main] o.m.s.mapper.ClassPathMapperScanner      : Skipping MapperFactoryBean with name 'baseGuaMapper' and 'com.fw.core.mapper.BaseGuaMapper' mapperInterface. Bean already defined with the same name!
2020-11-23 11:49:08.867  WARN 171835 --- [main] o.m.s.mapper.ClassPathMapperScanner      : Skipping MapperFactoryBean with name 'clientMapper' and 'com.fw.core.mapper.ClientMapper' mapperInterface. Bean already defined with the same name!
2020-11-23 11:49:08.867  WARN 171835 --- [main] o.m.s.mapper.ClassPathMapperScanner      : Skipping MapperFactoryBean with name 'communityCategoryMapper' and 'com.fw.core.mapper.CommunityCategoryMapper' mapperInterface. Bean already defined with the same name!
2020-11-23 11:49:08.867  WARN 171835 --- [main] o.m.s.mapper.ClassPathMapperScanner      : Skipping MapperFactoryBean with name 'gradeMapper' and 'com.fw.core.mapper.GradeMapper' mapperInterface. Bean already defined with the same name!
2020-11-23 11:49:08.867  WARN 171835 --- [main] o.m.s.mapper.ClassPathMapperScanner      : Skipping MapperFactoryBean with name 'guaMapper' and 'com.fw.core.mapper.GuaMapper' mapperInterface. Bean already defined with the same name!
2020-11-23 11:49:08.867  WARN 171835 --- [main] o.m.s.mapper.ClassPathMapperScanner      : Skipping MapperFactoryBean with name 'imagesCategoryMapper' and 'com.fw.core.mapper.ImagesCategoryMapper' mapperInterface. Bean already defined with the same name!
2020-11-23 11:49:08.867  WARN 171835 --- [main] o.m.s.mapper.ClassPathMapperScanner      : Skipping MapperFactoryBean with name 'imagesMapper' and 'com.fw.core.mapper.ImagesMapper' mapperInterface. Bean already defined with the same name!
2020-11-23 11:49:08.868  WARN 171835 --- [main] o.m.s.mapper.ClassPathMapperScanner      : Skipping MapperFactoryBean with name 'intergralRecordMapper' and 'com.fw.core.mapper.IntergralRecordMapper' mapperInterface. Bean already defined with the same name!
2020-11-23 11:49:08.868  WARN 171835 --- [main] o.m.s.mapper.ClassPathMapperScanner      : Skipping MapperFactoryBean with name 'messageMapper' and 'com.fw.core.mapper.MessageMapper' mapperInterface. Bean already defined with the same name!
2020-11-23 11:49:08.868  WARN 171835 --- [main] o.m.s.mapper.ClassPathMapperScanner      : Skipping MapperFactoryBean with name 'predictionCategoryMapper' and 'com.fw.core.mapper.PredictionCategoryMapper' mapperInterface. Bean already defined with the same name!
2020-11-23 11:49:08.868  WARN 171835 --- [main] o.m.s.mapper.ClassPathMapperScanner      : Skipping MapperFactoryBean with name 'predictionMapper' and 'com.fw.core.mapper.PredictionMapper' mapperInterface. Bean already defined with the same name!
2020-11-23 11:49:08.868  WARN 171835 --- [main] o.m.s.mapper.ClassPathMapperScanner      : Skipping MapperFactoryBean with name 'questionsMapper' and 'com.fw.core.mapper.QuestionsMapper' mapperInterface. Bean already defined with the same name!
2020-11-23 11:49:08.868  WARN 171835 --- [main] o.m.s.mapper.ClassPathMapperScanner      : Skipping MapperFactoryBean with name 'userMapper' and 'com.fw.core.mapper.UserMapper' mapperInterface. Bean already defined with the same name!
2020-11-23 11:49:08.868  WARN 171835 --- [main] o.m.s.mapper.ClassPathMapperScanner      : Skipping MapperFactoryBean with name 'videoCategoryMapper' and 'com.fw.core.mapper.VideoCategoryMapper' mapperInterface. Bean already defined with the same name!
2020-11-23 11:49:08.868  WARN 171835 --- [main] o.m.s.mapper.ClassPathMapperScanner      : Skipping MapperFactoryBean with name 'videoMapper' and 'com.fw.core.mapper.VideoMapper' mapperInterface. Bean already defined with the same name!
2020-11-23 11:49:08.868  WARN 171835 --- [main] o.m.s.mapper.ClassPathMapperScanner      : Skipping MapperFactoryBean with name 'wxImagesMapper' and 'com.fw.core.mapper.WxImagesMapper' mapperInterface. Bean already defined with the same name!
2020-11-23 11:49:08.868  WARN 171835 --- [main] o.m.s.mapper.ClassPathMapperScanner      : Skipping MapperFactoryBean with name 'yaoMapper' and 'com.fw.core.mapper.YaoMapper' mapperInterface. Bean already defined with the same name!
2020-11-23 11:49:08.869  WARN 171835 --- [main] o.m.s.mapper.ClassPathMapperScanner      : No MyBatis mapper was found in '[com.fw.core.mapper]' package. Please check your configuration.
2020-11-23 11:49:11.981  INFO 171835 --- [main] com.fw.spider.SpiderApplicationTests     : Started SpiderApplicationTests in 4.582 seconds (JVM running for 6.502)
2020-11-23 11:49:12.813  INFO 171835 --- [SpringContextShutdownHook] com.alibaba.druid.pool.DruidDataSource   : {dataSource-0} closing ...
2020-11-23 11:49:33.328  INFO 172187 --- [main] com.fw.spider.SpiderApplicationTests     : Starting SpiderApplicationTests on yqf-CW65S with PID 172187 (started by yqf in /home/yqf/IdeaProjects/yj/spider)
2020-11-23 11:49:33.330  INFO 172187 --- [main] com.fw.spider.SpiderApplicationTests     : No active profile set, falling back to default profiles: default
2020-11-23 11:49:34.439  WARN 172187 --- [main] o.m.s.mapper.ClassPathMapperScanner      : Skipping MapperFactoryBean with name 'answerMapper' and 'com.fw.core.mapper.AnswerMapper' mapperInterface. Bean already defined with the same name!
2020-11-23 11:49:34.440  WARN 172187 --- [main] o.m.s.mapper.ClassPathMapperScanner      : Skipping MapperFactoryBean with name 'attentionMapper' and 'com.fw.core.mapper.AttentionMapper' mapperInterface. Bean already defined with the same name!
2020-11-23 11:49:34.440  WARN 172187 --- [main] o.m.s.mapper.ClassPathMapperScanner      : Skipping MapperFactoryBean with name 'baseGuaMapper' and 'com.fw.core.mapper.BaseGuaMapper' mapperInterface. Bean already defined with the same name!
2020-11-23 11:49:34.440  WARN 172187 --- [main] o.m.s.mapper.ClassPathMapperScanner      : Skipping MapperFactoryBean with name 'clientMapper' and 'com.fw.core.mapper.ClientMapper' mapperInterface. Bean already defined with the same name!
2020-11-23 11:49:34.440  WARN 172187 --- [main] o.m.s.mapper.ClassPathMapperScanner      : Skipping MapperFactoryBean with name 'communityCategoryMapper' and 'com.fw.core.mapper.CommunityCategoryMapper' mapperInterface. Bean already defined with the same name!
2020-11-23 11:49:34.440  WARN 172187 --- [main] o.m.s.mapper.ClassPathMapperScanner      : Skipping MapperFactoryBean with name 'gradeMapper' and 'com.fw.core.mapper.GradeMapper' mapperInterface. Bean already defined with the same name!
2020-11-23 11:49:34.440  WARN 172187 --- [main] o.m.s.mapper.ClassPathMapperScanner      : Skipping MapperFactoryBean with name 'guaMapper' and 'com.fw.core.mapper.GuaMapper' mapperInterface. Bean already defined with the same name!
2020-11-23 11:49:34.440  WARN 172187 --- [main] o.m.s.mapper.ClassPathMapperScanner      : Skipping MapperFactoryBean with name 'imagesCategoryMapper' and 'com.fw.core.mapper.ImagesCategoryMapper' mapperInterface. Bean already defined with the same name!
2020-11-23 11:49:34.440  WARN 172187 --- [main] o.m.s.mapper.ClassPathMapperScanner      : Skipping MapperFactoryBean with name 'imagesMapper' and 'com.fw.core.mapper.ImagesMapper' mapperInterface. Bean already defined with the same name!
2020-11-23 11:49:34.440  WARN 172187 --- [main] o.m.s.mapper.ClassPathMapperScanner      : Skipping MapperFactoryBean with name 'intergralRecordMapper' and 'com.fw.core.mapper.IntergralRecordMapper' mapperInterface. Bean already defined with the same name!
2020-11-23 11:49:34.441  WARN 172187 --- [main] o.m.s.mapper.ClassPathMapperScanner      : Skipping MapperFactoryBean with name 'messageMapper' and 'com.fw.core.mapper.MessageMapper' mapperInterface. Bean already defined with the same name!
2020-11-23 11:49:34.441  WARN 172187 --- [main] o.m.s.mapper.ClassPathMapperScanner      : Skipping MapperFactoryBean with name 'predictionCategoryMapper' and 'com.fw.core.mapper.PredictionCategoryMapper' mapperInterface. Bean already defined with the same name!
2020-11-23 11:49:34.441  WARN 172187 --- [main] o.m.s.mapper.ClassPathMapperScanner      : Skipping MapperFactoryBean with name 'predictionMapper' and 'com.fw.core.mapper.PredictionMapper' mapperInterface. Bean already defined with the same name!
2020-11-23 11:49:34.441  WARN 172187 --- [main] o.m.s.mapper.ClassPathMapperScanner      : Skipping MapperFactoryBean with name 'questionsMapper' and 'com.fw.core.mapper.QuestionsMapper' mapperInterface. Bean already defined with the same name!
2020-11-23 11:49:34.441  WARN 172187 --- [main] o.m.s.mapper.ClassPathMapperScanner      : Skipping MapperFactoryBean with name 'userMapper' and 'com.fw.core.mapper.UserMapper' mapperInterface. Bean already defined with the same name!
2020-11-23 11:49:34.441  WARN 172187 --- [main] o.m.s.mapper.ClassPathMapperScanner      : Skipping MapperFactoryBean with name 'videoCategoryMapper' and 'com.fw.core.mapper.VideoCategoryMapper' mapperInterface. Bean already defined with the same name!
2020-11-23 11:49:34.441  WARN 172187 --- [main] o.m.s.mapper.ClassPathMapperScanner      : Skipping MapperFactoryBean with name 'videoMapper' and 'com.fw.core.mapper.VideoMapper' mapperInterface. Bean already defined with the same name!
2020-11-23 11:49:34.441  WARN 172187 --- [main] o.m.s.mapper.ClassPathMapperScanner      : Skipping MapperFactoryBean with name 'wxImagesMapper' and 'com.fw.core.mapper.WxImagesMapper' mapperInterface. Bean already defined with the same name!
2020-11-23 11:49:34.441  WARN 172187 --- [main] o.m.s.mapper.ClassPathMapperScanner      : Skipping MapperFactoryBean with name 'yaoMapper' and 'com.fw.core.mapper.YaoMapper' mapperInterface. Bean already defined with the same name!
2020-11-23 11:49:34.443  WARN 172187 --- [main] o.m.s.mapper.ClassPathMapperScanner      : No MyBatis mapper was found in '[com.fw.core.mapper]' package. Please check your configuration.
2020-11-23 11:49:37.351  INFO 172187 --- [main] com.fw.spider.SpiderApplicationTests     : Started SpiderApplicationTests in 4.451 seconds (JVM running for 6.336)
2020-11-23 11:49:38.318  INFO 172187 --- [SpringContextShutdownHook] com.alibaba.druid.pool.DruidDataSource   : {dataSource-0} closing ...
2020-11-23 11:50:13.453  INFO 172702 --- [main] com.fw.spider.SpiderApplicationTests     : Starting SpiderApplicationTests on yqf-CW65S with PID 172702 (started by yqf in /home/yqf/IdeaProjects/yj/spider)
2020-11-23 11:50:13.455  INFO 172702 --- [main] com.fw.spider.SpiderApplicationTests     : No active profile set, falling back to default profiles: default
2020-11-23 11:50:14.342  WARN 172702 --- [main] o.m.s.mapper.ClassPathMapperScanner      : Skipping MapperFactoryBean with name 'answerMapper' and 'com.fw.core.mapper.AnswerMapper' mapperInterface. Bean already defined with the same name!
2020-11-23 11:50:14.343  WARN 172702 --- [main] o.m.s.mapper.ClassPathMapperScanner      : Skipping MapperFactoryBean with name 'attentionMapper' and 'com.fw.core.mapper.AttentionMapper' mapperInterface. Bean already defined with the same name!
2020-11-23 11:50:14.343  WARN 172702 --- [main] o.m.s.mapper.ClassPathMapperScanner      : Skipping MapperFactoryBean with name 'baseGuaMapper' and 'com.fw.core.mapper.BaseGuaMapper' mapperInterface. Bean already defined with the same name!
2020-11-23 11:50:14.343  WARN 172702 --- [main] o.m.s.mapper.ClassPathMapperScanner      : Skipping MapperFactoryBean with name 'clientMapper' and 'com.fw.core.mapper.ClientMapper' mapperInterface. Bean already defined with the same name!
2020-11-23 11:50:14.343  WARN 172702 --- [main] o.m.s.mapper.ClassPathMapperScanner      : Skipping MapperFactoryBean with name 'communityCategoryMapper' and 'com.fw.core.mapper.CommunityCategoryMapper' mapperInterface. Bean already defined with the same name!
2020-11-23 11:50:14.343  WARN 172702 --- [main] o.m.s.mapper.ClassPathMapperScanner      : Skipping MapperFactoryBean with name 'gradeMapper' and 'com.fw.core.mapper.GradeMapper' mapperInterface. Bean already defined with the same name!
2020-11-23 11:50:14.343  WARN 172702 --- [main] o.m.s.mapper.ClassPathMapperScanner      : Skipping MapperFactoryBean with name 'guaMapper' and 'com.fw.core.mapper.GuaMapper' mapperInterface. Bean already defined with the same name!
2020-11-23 11:50:14.343  WARN 172702 --- [main] o.m.s.mapper.ClassPathMapperScanner      : Skipping MapperFactoryBean with name 'imagesCategoryMapper' and 'com.fw.core.mapper.ImagesCategoryMapper' mapperInterface. Bean already defined with the same name!
2020-11-23 11:50:14.343  WARN 172702 --- [main] o.m.s.mapper.ClassPathMapperScanner      : Skipping MapperFactoryBean with name 'imagesMapper' and 'com.fw.core.mapper.ImagesMapper' mapperInterface. Bean already defined with the same name!
2020-11-23 11:50:14.344  WARN 172702 --- [main] o.m.s.mapper.ClassPathMapperScanner      : Skipping MapperFactoryBean with name 'intergralRecordMapper' and 'com.fw.core.mapper.IntergralRecordMapper' mapperInterface. Bean already defined with the same name!
2020-11-23 11:50:14.344  WARN 172702 --- [main] o.m.s.mapper.ClassPathMapperScanner      : Skipping MapperFactoryBean with name 'messageMapper' and 'com.fw.core.mapper.MessageMapper' mapperInterface. Bean already defined with the same name!
2020-11-23 11:50:14.344  WARN 172702 --- [main] o.m.s.mapper.ClassPathMapperScanner      : Skipping MapperFactoryBean with name 'predictionCategoryMapper' and 'com.fw.core.mapper.PredictionCategoryMapper' mapperInterface. Bean already defined with the same name!
2020-11-23 11:50:14.344  WARN 172702 --- [main] o.m.s.mapper.ClassPathMapperScanner      : Skipping MapperFactoryBean with name 'predictionMapper' and 'com.fw.core.mapper.PredictionMapper' mapperInterface. Bean already defined with the same name!
2020-11-23 11:50:14.344  WARN 172702 --- [main] o.m.s.mapper.ClassPathMapperScanner      : Skipping MapperFactoryBean with name 'questionsMapper' and 'com.fw.core.mapper.QuestionsMapper' mapperInterface. Bean already defined with the same name!
2020-11-23 11:50:14.344  WARN 172702 --- [main] o.m.s.mapper.ClassPathMapperScanner      : Skipping MapperFactoryBean with name 'userMapper' and 'com.fw.core.mapper.UserMapper' mapperInterface. Bean already defined with the same name!
2020-11-23 11:50:14.344  WARN 172702 --- [main] o.m.s.mapper.ClassPathMapperScanner      : Skipping MapperFactoryBean with name 'videoCategoryMapper' and 'com.fw.core.mapper.VideoCategoryMapper' mapperInterface. Bean already defined with the same name!
2020-11-23 11:50:14.344  WARN 172702 --- [main] o.m.s.mapper.ClassPathMapperScanner      : Skipping MapperFactoryBean with name 'videoMapper' and 'com.fw.core.mapper.VideoMapper' mapperInterface. Bean already defined with the same name!
2020-11-23 11:50:14.344  WARN 172702 --- [main] o.m.s.mapper.ClassPathMapperScanner      : Skipping MapperFactoryBean with name 'wxImagesMapper' and 'com.fw.core.mapper.WxImagesMapper' mapperInterface. Bean already defined with the same name!
2020-11-23 11:50:14.344  WARN 172702 --- [main] o.m.s.mapper.ClassPathMapperScanner      : Skipping MapperFactoryBean with name 'yaoMapper' and 'com.fw.core.mapper.YaoMapper' mapperInterface. Bean already defined with the same name!
2020-11-23 11:50:14.345  WARN 172702 --- [main] o.m.s.mapper.ClassPathMapperScanner      : No MyBatis mapper was found in '[com.fw.core.mapper]' package. Please check your configuration.
2020-11-23 11:50:17.348  INFO 172702 --- [main] com.fw.spider.SpiderApplicationTests     : Started SpiderApplicationTests in 4.233 seconds (JVM running for 6.233)
2020-11-23 11:50:18.565  INFO 172702 --- [SpringContextShutdownHook] com.alibaba.druid.pool.DruidDataSource   : {dataSource-0} closing ...
